[0.157s] DEBUG:colcon:Command line arguments: ['/usr/bin/colcon', 'build', '--symlink-install']
[0.157s] DEBUG:colcon:Parsed command line arguments: Namespace(log_base=None, log_level=None, verb_name='build', build_base='build', install_base='install', merge_install=False, symlink_install=True, test_result_base=None, continue_on_error=False, executor='parallel', parallel_workers=8, event_handlers=None, ignore_user_meta=False, metas=['./colcon.meta'], base_paths=['.'], packages_ignore=None, packages_ignore_regex=None, paths=None, packages_up_to=None, packages_up_to_regex=None, packages_above=None, packages_above_and_dependencies=None, packages_above_depth=None, packages_select_by_dep=None, packages_skip_by_dep=None, packages_skip_up_to=None, packages_select_build_failed=False, packages_skip_build_finished=False, packages_select_test_failures=False, packages_skip_test_passed=False, packages_select=None, packages_skip=None, packages_select_regex=None, packages_skip_regex=None, packages_start=None, packages_end=None, allow_overriding=[], cmake_args=None, cmake_target=None, cmake_target_skip_unavailable=False, cmake_clean_cache=False, cmake_clean_first=False, cmake_force_configure=False, ament_cmake_args=None, catkin_cmake_args=None, catkin_skip_building_tests=False, mixin_files=None, mixin=None, verb_parser=<colcon_mixin.mixin.mixin_argument.MixinArgumentDecorator object at 0x7a1c0df24640>, verb_extension=<colcon_core.verb.build.BuildVerb object at 0x7a1c0df24160>, main=<bound method BuildVerb.main of <colcon_core.verb.build.BuildVerb object at 0x7a1c0df24160>>, mixin_verb=('build',))
[0.200s] Level 1:colcon.colcon_core.package_discovery:discover_packages(colcon_meta) check parameters
[0.200s] Level 1:colcon.colcon_core.package_discovery:discover_packages(recursive) check parameters
[0.200s] Level 1:colcon.colcon_core.package_discovery:discover_packages(ignore) check parameters
[0.200s] Level 1:colcon.colcon_core.package_discovery:discover_packages(path) check parameters
[0.200s] Level 1:colcon.colcon_core.package_discovery:discover_packages(colcon_meta) discover
[0.200s] Level 1:colcon.colcon_core.package_discovery:discover_packages(recursive) discover
[0.200s] INFO:colcon.colcon_core.package_discovery:Crawling recursively for packages in '/home/daniel/ur3e_hand_tracking_ros'
[0.200s] Level 1:colcon.colcon_core.package_identification:_identify(.) by extensions ['ignore', 'ignore_ament_install']
[0.200s] Level 1:colcon.colcon_core.package_identification:_identify(.) by extension 'ignore'
[0.200s] Level 1:colcon.colcon_core.package_identification:_identify(.) by extension 'ignore_ament_install'
[0.200s] Level 1:colcon.colcon_core.package_identification:_identify(.) by extensions ['colcon_pkg']
[0.200s] Level 1:colcon.colcon_core.package_identification:_identify(.) by extension 'colcon_pkg'
[0.200s] Level 1:colcon.colcon_core.package_identification:_identify(.) by extensions ['colcon_meta']
[0.201s] Level 1:colcon.colcon_core.package_identification:_identify(.) by extension 'colcon_meta'
[0.201s] Level 1:colcon.colcon_core.package_identification:_identify(.) by extensions ['ros']
[0.201s] Level 1:colcon.colcon_core.package_identification:_identify(.) by extension 'ros'
[0.217s] Level 1:colcon.colcon_core.package_identification:_identify(.) by extensions ['cmake', 'python']
[0.217s] Level 1:colcon.colcon_core.package_identification:_identify(.) by extension 'cmake'
[0.217s] Level 1:colcon.colcon_core.package_identification:_identify(.) by extension 'python'
[0.217s] Level 1:colcon.colcon_core.package_identification:_identify(.) by extensions ['python_setup_py']
[0.217s] Level 1:colcon.colcon_core.package_identification:_identify(.) by extension 'python_setup_py'
[0.217s] Level 1:colcon.colcon_core.package_identification:_identify(__pycache__) by extensions ['ignore', 'ignore_ament_install']
[0.217s] Level 1:colcon.colcon_core.package_identification:_identify(__pycache__) by extension 'ignore'
[0.217s] Level 1:colcon.colcon_core.package_identification:_identify(__pycache__) by extension 'ignore_ament_install'
[0.217s] Level 1:colcon.colcon_core.package_identification:_identify(__pycache__) by extensions ['colcon_pkg']
[0.217s] Level 1:colcon.colcon_core.package_identification:_identify(__pycache__) by extension 'colcon_pkg'
[0.217s] Level 1:colcon.colcon_core.package_identification:_identify(__pycache__) by extensions ['colcon_meta']
[0.217s] Level 1:colcon.colcon_core.package_identification:_identify(__pycache__) by extension 'colcon_meta'
[0.217s] Level 1:colcon.colcon_core.package_identification:_identify(__pycache__) by extensions ['ros']
[0.217s] Level 1:colcon.colcon_core.package_identification:_identify(__pycache__) by extension 'ros'
[0.218s] Level 1:colcon.colcon_core.package_identification:_identify(__pycache__) by extensions ['cmake', 'python']
[0.218s] Level 1:colcon.colcon_core.package_identification:_identify(__pycache__) by extension 'cmake'
[0.218s] Level 1:colcon.colcon_core.package_identification:_identify(__pycache__) by extension 'python'
[0.218s] Level 1:colcon.colcon_core.package_identification:_identify(__pycache__) by extensions ['python_setup_py']
[0.218s] Level 1:colcon.colcon_core.package_identification:_identify(__pycache__) by extension 'python_setup_py'
[0.218s] Level 1:colcon.colcon_core.package_identification:_identify(build) by extensions ['ignore', 'ignore_ament_install']
[0.218s] Level 1:colcon.colcon_core.package_identification:_identify(build) by extension 'ignore'
[0.218s] Level 1:colcon.colcon_core.package_identification:_identify(build) ignored
[0.218s] Level 1:colcon.colcon_core.package_identification:_identify(install) by extensions ['ignore', 'ignore_ament_install']
[0.218s] Level 1:colcon.colcon_core.package_identification:_identify(install) by extension 'ignore'
[0.218s] Level 1:colcon.colcon_core.package_identification:_identify(install) ignored
[0.218s] Level 1:colcon.colcon_core.package_identification:_identify(log) by extensions ['ignore', 'ignore_ament_install']
[0.218s] Level 1:colcon.colcon_core.package_identification:_identify(log) by extension 'ignore'
[0.218s] Level 1:colcon.colcon_core.package_identification:_identify(log) ignored
[0.218s] Level 1:colcon.colcon_core.package_identification:_identify(src) by extensions ['ignore', 'ignore_ament_install']
[0.218s] Level 1:colcon.colcon_core.package_identification:_identify(src) by extension 'ignore'
[0.219s] Level 1:colcon.colcon_core.package_identification:_identify(src) by extension 'ignore_ament_install'
[0.219s] Level 1:colcon.colcon_core.package_identification:_identify(src) by extensions ['colcon_pkg']
[0.219s] Level 1:colcon.colcon_core.package_identification:_identify(src) by extension 'colcon_pkg'
[0.219s] Level 1:colcon.colcon_core.package_identification:_identify(src) by extensions ['colcon_meta']
[0.219s] Level 1:colcon.colcon_core.package_identification:_identify(src) by extension 'colcon_meta'
[0.219s] Level 1:colcon.colcon_core.package_identification:_identify(src) by extensions ['ros']
[0.219s] Level 1:colcon.colcon_core.package_identification:_identify(src) by extension 'ros'
[0.219s] Level 1:colcon.colcon_core.package_identification:_identify(src) by extensions ['cmake', 'python']
[0.219s] Level 1:colcon.colcon_core.package_identification:_identify(src) by extension 'cmake'
[0.219s] Level 1:colcon.colcon_core.package_identification:_identify(src) by extension 'python'
[0.219s] Level 1:colcon.colcon_core.package_identification:_identify(src) by extensions ['python_setup_py']
[0.219s] Level 1:colcon.colcon_core.package_identification:_identify(src) by extension 'python_setup_py'
[0.219s] Level 1:colcon.colcon_core.package_identification:_identify(src/Universal_Robots_ROS2_Gazebo_Simulation) by extensions ['ignore', 'ignore_ament_install']
[0.219s] Level 1:colcon.colcon_core.package_identification:_identify(src/Universal_Robots_ROS2_Gazebo_Simulation) by extension 'ignore'
[0.219s] Level 1:colcon.colcon_core.package_identification:_identify(src/Universal_Robots_ROS2_Gazebo_Simulation) by extension 'ignore_ament_install'
[0.219s] Level 1:colcon.colcon_core.package_identification:_identify(src/Universal_Robots_ROS2_Gazebo_Simulation) by extensions ['colcon_pkg']
[0.219s] Level 1:colcon.colcon_core.package_identification:_identify(src/Universal_Robots_ROS2_Gazebo_Simulation) by extension 'colcon_pkg'
[0.219s] Level 1:colcon.colcon_core.package_identification:_identify(src/Universal_Robots_ROS2_Gazebo_Simulation) by extensions ['colcon_meta']
[0.219s] Level 1:colcon.colcon_core.package_identification:_identify(src/Universal_Robots_ROS2_Gazebo_Simulation) by extension 'colcon_meta'
[0.219s] Level 1:colcon.colcon_core.package_identification:_identify(src/Universal_Robots_ROS2_Gazebo_Simulation) by extensions ['ros']
[0.219s] Level 1:colcon.colcon_core.package_identification:_identify(src/Universal_Robots_ROS2_Gazebo_Simulation) by extension 'ros'
[0.219s] Level 1:colcon.colcon_core.package_identification:_identify(src/Universal_Robots_ROS2_Gazebo_Simulation) by extensions ['cmake', 'python']
[0.219s] Level 1:colcon.colcon_core.package_identification:_identify(src/Universal_Robots_ROS2_Gazebo_Simulation) by extension 'cmake'
[0.220s] Level 1:colcon.colcon_core.package_identification:_identify(src/Universal_Robots_ROS2_Gazebo_Simulation) by extension 'python'
[0.220s] Level 1:colcon.colcon_core.package_identification:_identify(src/Universal_Robots_ROS2_Gazebo_Simulation) by extensions ['python_setup_py']
[0.220s] Level 1:colcon.colcon_core.package_identification:_identify(src/Universal_Robots_ROS2_Gazebo_Simulation) by extension 'python_setup_py'
[0.220s] Level 1:colcon.colcon_core.package_identification:_identify(src/Universal_Robots_ROS2_Gazebo_Simulation/ur_simulation_gazebo) by extensions ['ignore', 'ignore_ament_install']
[0.220s] Level 1:colcon.colcon_core.package_identification:_identify(src/Universal_Robots_ROS2_Gazebo_Simulation/ur_simulation_gazebo) by extension 'ignore'
[0.220s] Level 1:colcon.colcon_core.package_identification:_identify(src/Universal_Robots_ROS2_Gazebo_Simulation/ur_simulation_gazebo) by extension 'ignore_ament_install'
[0.220s] Level 1:colcon.colcon_core.package_identification:_identify(src/Universal_Robots_ROS2_Gazebo_Simulation/ur_simulation_gazebo) by extensions ['colcon_pkg']
[0.220s] Level 1:colcon.colcon_core.package_identification:_identify(src/Universal_Robots_ROS2_Gazebo_Simulation/ur_simulation_gazebo) by extension 'colcon_pkg'
[0.220s] Level 1:colcon.colcon_core.package_identification:_identify(src/Universal_Robots_ROS2_Gazebo_Simulation/ur_simulation_gazebo) by extensions ['colcon_meta']
[0.220s] Level 1:colcon.colcon_core.package_identification:_identify(src/Universal_Robots_ROS2_Gazebo_Simulation/ur_simulation_gazebo) by extension 'colcon_meta'
[0.220s] Level 1:colcon.colcon_core.package_identification:_identify(src/Universal_Robots_ROS2_Gazebo_Simulation/ur_simulation_gazebo) by extensions ['ros']
[0.220s] Level 1:colcon.colcon_core.package_identification:_identify(src/Universal_Robots_ROS2_Gazebo_Simulation/ur_simulation_gazebo) by extension 'ros'
[0.223s] DEBUG:colcon.colcon_core.package_identification:Package 'src/Universal_Robots_ROS2_Gazebo_Simulation/ur_simulation_gazebo' with type 'ros.ament_cmake' and name 'ur_simulation_gazebo'
[0.223s] Level 1:colcon.colcon_core.package_identification:_identify(src/tracking_pkg) by extensions ['ignore', 'ignore_ament_install']
[0.223s] Level 1:colcon.colcon_core.package_identification:_identify(src/tracking_pkg) by extension 'ignore'
[0.223s] Level 1:colcon.colcon_core.package_identification:_identify(src/tracking_pkg) by extension 'ignore_ament_install'
[0.223s] Level 1:colcon.colcon_core.package_identification:_identify(src/tracking_pkg) by extensions ['colcon_pkg']
[0.223s] Level 1:colcon.colcon_core.package_identification:_identify(src/tracking_pkg) by extension 'colcon_pkg'
[0.223s] Level 1:colcon.colcon_core.package_identification:_identify(src/tracking_pkg) by extensions ['colcon_meta']
[0.223s] Level 1:colcon.colcon_core.package_identification:_identify(src/tracking_pkg) by extension 'colcon_meta'
[0.223s] Level 1:colcon.colcon_core.package_identification:_identify(src/tracking_pkg) by extensions ['ros']
[0.223s] Level 1:colcon.colcon_core.package_identification:_identify(src/tracking_pkg) by extension 'ros'
[0.224s] DEBUG:colcon.colcon_core.package_identification:Package 'src/tracking_pkg' with type 'ros.ament_cmake' and name 'tracking_pkg'
[0.224s] Level 1:colcon.colcon_core.package_discovery:discover_packages(recursive) using defaults
[0.224s] Level 1:colcon.colcon_core.package_discovery:discover_packages(ignore) discover
[0.224s] Level 1:colcon.colcon_core.package_discovery:discover_packages(ignore) using defaults
[0.224s] Level 1:colcon.colcon_core.package_discovery:discover_packages(path) discover
[0.224s] Level 1:colcon.colcon_core.package_discovery:discover_packages(path) using defaults
[0.246s] Level 1:colcon.colcon_core.package_discovery:discover_packages(prefix_path) check parameters
[0.246s] Level 1:colcon.colcon_core.package_discovery:discover_packages(prefix_path) discover
[0.247s] WARNING:colcon.colcon_ros.prefix_path.ament:The path '/home/daniel/ur3e_hand_tracking_ros/install/ur_simulation_gazebo' in the environment variable AMENT_PREFIX_PATH doesn't exist
[0.247s] WARNING:colcon.colcon_ros.prefix_path.ament:The path '/home/daniel/ur3e_hand_tracking_ros/install/tracking_pkg' in the environment variable AMENT_PREFIX_PATH doesn't exist
[0.247s] WARNING:colcon.colcon_ros.prefix_path.catkin:The path '/home/daniel/ur3e_hand_tracking_ros/install/tracking_pkg' in the environment variable CMAKE_PREFIX_PATH doesn't exist
[0.247s] DEBUG:colcon.colcon_installed_package_information.package_discovery:Found 0 installed packages in /home/daniel/ur3e_hand_tracking_ros/install
[0.248s] DEBUG:colcon.colcon_installed_package_information.package_discovery:Found 2 installed packages in /home/daniel/ur3e_hand_tracking/install
[0.249s] DEBUG:colcon.colcon_installed_package_information.package_discovery:Found 356 installed packages in /opt/ros/humble
[0.251s] Level 1:colcon.colcon_core.package_discovery:discover_packages(prefix_path) using defaults
[0.303s] Level 5:colcon.colcon_core.verb:set package 'tracking_pkg' build argument 'cmake_args' from command line to 'None'
[0.303s] Level 5:colcon.colcon_core.verb:set package 'tracking_pkg' build argument 'cmake_target' from command line to 'None'
[0.303s] Level 5:colcon.colcon_core.verb:set package 'tracking_pkg' build argument 'cmake_target_skip_unavailable' from command line to 'False'
[0.303s] Level 5:colcon.colcon_core.verb:set package 'tracking_pkg' build argument 'cmake_clean_cache' from command line to 'False'
[0.303s] Level 5:colcon.colcon_core.verb:set package 'tracking_pkg' build argument 'cmake_clean_first' from command line to 'False'
[0.303s] Level 5:colcon.colcon_core.verb:set package 'tracking_pkg' build argument 'cmake_force_configure' from command line to 'False'
[0.303s] Level 5:colcon.colcon_core.verb:set package 'tracking_pkg' build argument 'ament_cmake_args' from command line to 'None'
[0.303s] Level 5:colcon.colcon_core.verb:set package 'tracking_pkg' build argument 'catkin_cmake_args' from command line to 'None'
[0.303s] Level 5:colcon.colcon_core.verb:set package 'tracking_pkg' build argument 'catkin_skip_building_tests' from command line to 'False'
[0.304s] DEBUG:colcon.colcon_core.verb:Building package 'tracking_pkg' with the following arguments: {'ament_cmake_args': None, 'build_base': '/home/daniel/ur3e_hand_tracking_ros/build/tracking_pkg', 'catkin_cmake_args': None, 'catkin_skip_building_tests': False, 'cmake_args': None, 'cmake_clean_cache': False, 'cmake_clean_first': False, 'cmake_force_configure': False, 'cmake_target': None, 'cmake_target_skip_unavailable': False, 'install_base': '/home/daniel/ur3e_hand_tracking_ros/install/tracking_pkg', 'merge_install': False, 'path': '/home/daniel/ur3e_hand_tracking_ros/src/tracking_pkg', 'symlink_install': True, 'test_result_base': None}
[0.304s] Level 5:colcon.colcon_core.verb:set package 'ur_simulation_gazebo' build argument 'cmake_args' from command line to 'None'
[0.304s] Level 5:colcon.colcon_core.verb:set package 'ur_simulation_gazebo' build argument 'cmake_target' from command line to 'None'
[0.304s] Level 5:colcon.colcon_core.verb:set package 'ur_simulation_gazebo' build argument 'cmake_target_skip_unavailable' from command line to 'False'
[0.304s] Level 5:colcon.colcon_core.verb:set package 'ur_simulation_gazebo' build argument 'cmake_clean_cache' from command line to 'False'
[0.304s] Level 5:colcon.colcon_core.verb:set package 'ur_simulation_gazebo' build argument 'cmake_clean_first' from command line to 'False'
[0.304s] Level 5:colcon.colcon_core.verb:set package 'ur_simulation_gazebo' build argument 'cmake_force_configure' from command line to 'False'
[0.304s] Level 5:colcon.colcon_core.verb:set package 'ur_simulation_gazebo' build argument 'ament_cmake_args' from command line to 'None'
[0.304s] Level 5:colcon.colcon_core.verb:set package 'ur_simulation_gazebo' build argument 'catkin_cmake_args' from command line to 'None'
[0.304s] Level 5:colcon.colcon_core.verb:set package 'ur_simulation_gazebo' build argument 'catkin_skip_building_tests' from command line to 'False'
[0.304s] DEBUG:colcon.colcon_core.verb:Building package 'ur_simulation_gazebo' with the following arguments: {'ament_cmake_args': None, 'build_base': '/home/daniel/ur3e_hand_tracking_ros/build/ur_simulation_gazebo', 'catkin_cmake_args': None, 'catkin_skip_building_tests': False, 'cmake_args': None, 'cmake_clean_cache': False, 'cmake_clean_first': False, 'cmake_force_configure': False, 'cmake_target': None, 'cmake_target_skip_unavailable': False, 'install_base': '/home/daniel/ur3e_hand_tracking_ros/install/ur_simulation_gazebo', 'merge_install': False, 'path': '/home/daniel/ur3e_hand_tracking_ros/src/Universal_Robots_ROS2_Gazebo_Simulation/ur_simulation_gazebo', 'symlink_install': True, 'test_result_base': None}
[0.305s] INFO:colcon.colcon_core.executor:Executing jobs using 'parallel' executor
[0.306s] DEBUG:colcon.colcon_parallel_executor.executor.parallel:run_until_complete
[0.306s] INFO:colcon.colcon_ros.task.ament_cmake.build:Building ROS package in '/home/daniel/ur3e_hand_tracking_ros/src/tracking_pkg' with build type 'ament_cmake'
[0.306s] INFO:colcon.colcon_cmake.task.cmake.build:Building CMake package in '/home/daniel/ur3e_hand_tracking_ros/src/tracking_pkg'
[0.309s] INFO:colcon.colcon_core.plugin_system:Skipping extension 'colcon_core.shell.bat': Not used on non-Windows systems
[0.309s] INFO:colcon.colcon_core.shell:Skip shell extension 'powershell' for command environment: Not usable outside of PowerShell
[0.309s] DEBUG:colcon.colcon_core.shell:Skip shell extension 'dsv' for command environment
[0.314s] INFO:colcon.colcon_ros.task.ament_cmake.build:Building ROS package in '/home/daniel/ur3e_hand_tracking_ros/src/Universal_Robots_ROS2_Gazebo_Simulation/ur_simulation_gazebo' with build type 'ament_cmake'
[0.314s] INFO:colcon.colcon_cmake.task.cmake.build:Building CMake package in '/home/daniel/ur3e_hand_tracking_ros/src/Universal_Robots_ROS2_Gazebo_Simulation/ur_simulation_gazebo'
[0.314s] INFO:colcon.colcon_core.shell:Skip shell extension 'powershell' for command environment: Not usable outside of PowerShell
[0.314s] DEBUG:colcon.colcon_core.shell:Skip shell extension 'dsv' for command environment
[0.326s] DEBUG:colcon.colcon_core.event_handler.log_command:Invoking command in '/home/daniel/ur3e_hand_tracking_ros/build/tracking_pkg': CMAKE_PREFIX_PATH=${CMAKE_PREFIX_PATH}:/home/daniel/ur3e_hand_tracking_ros/install/ur_simulation_gazebo:/opt/ros/humble /usr/bin/cmake /home/daniel/ur3e_hand_tracking_ros/src/tracking_pkg -DAMENT_CMAKE_SYMLINK_INSTALL=1 -DCMAKE_INSTALL_PREFIX=/home/daniel/ur3e_hand_tracking_ros/install/tracking_pkg
[0.332s] DEBUG:colcon.colcon_core.event_handler.log_command:Invoking command in '/home/daniel/ur3e_hand_tracking_ros/build/ur_simulation_gazebo': CMAKE_PREFIX_PATH=${CMAKE_PREFIX_PATH}:/home/daniel/ur3e_hand_tracking_ros/install/ur_simulation_gazebo:/opt/ros/humble /usr/bin/cmake /home/daniel/ur3e_hand_tracking_ros/src/Universal_Robots_ROS2_Gazebo_Simulation/ur_simulation_gazebo -DAMENT_CMAKE_SYMLINK_INSTALL=1 -DCMAKE_INSTALL_PREFIX=/home/daniel/ur3e_hand_tracking_ros/install/ur_simulation_gazebo
[3.405s] DEBUG:colcon.colcon_core.event_handler.log_command:Invoked command in '/home/daniel/ur3e_hand_tracking_ros/build/ur_simulation_gazebo' returned '0': CMAKE_PREFIX_PATH=${CMAKE_PREFIX_PATH}:/home/daniel/ur3e_hand_tracking_ros/install/ur_simulation_gazebo:/opt/ros/humble /usr/bin/cmake /home/daniel/ur3e_hand_tracking_ros/src/Universal_Robots_ROS2_Gazebo_Simulation/ur_simulation_gazebo -DAMENT_CMAKE_SYMLINK_INSTALL=1 -DCMAKE_INSTALL_PREFIX=/home/daniel/ur3e_hand_tracking_ros/install/ur_simulation_gazebo
[3.412s] DEBUG:colcon.colcon_core.event_handler.log_command:Invoking command in '/home/daniel/ur3e_hand_tracking_ros/build/ur_simulation_gazebo': CMAKE_PREFIX_PATH=${CMAKE_PREFIX_PATH}:/home/daniel/ur3e_hand_tracking_ros/install/ur_simulation_gazebo:/opt/ros/humble /usr/bin/cmake --build /home/daniel/ur3e_hand_tracking_ros/build/ur_simulation_gazebo -- -j8 -l8
[3.523s] DEBUG:colcon.colcon_core.event_handler.log_command:Invoked command in '/home/daniel/ur3e_hand_tracking_ros/build/ur_simulation_gazebo' returned '0': CMAKE_PREFIX_PATH=${CMAKE_PREFIX_PATH}:/home/daniel/ur3e_hand_tracking_ros/install/ur_simulation_gazebo:/opt/ros/humble /usr/bin/cmake --build /home/daniel/ur3e_hand_tracking_ros/build/ur_simulation_gazebo -- -j8 -l8
[3.544s] DEBUG:colcon.colcon_core.event_handler.log_command:Invoking command in '/home/daniel/ur3e_hand_tracking_ros/build/ur_simulation_gazebo': CMAKE_PREFIX_PATH=${CMAKE_PREFIX_PATH}:/home/daniel/ur3e_hand_tracking_ros/install/ur_simulation_gazebo:/opt/ros/humble /usr/bin/cmake --install /home/daniel/ur3e_hand_tracking_ros/build/ur_simulation_gazebo
[4.130s] Level 1:colcon.colcon_core.environment:create_environment_scripts_only(ur_simulation_gazebo)
[4.132s] DEBUG:colcon.colcon_core.event_handler.log_command:Invoked command in '/home/daniel/ur3e_hand_tracking_ros/build/ur_simulation_gazebo' returned '0': CMAKE_PREFIX_PATH=${CMAKE_PREFIX_PATH}:/home/daniel/ur3e_hand_tracking_ros/install/ur_simulation_gazebo:/opt/ros/humble /usr/bin/cmake --install /home/daniel/ur3e_hand_tracking_ros/build/ur_simulation_gazebo
[4.138s] Level 1:colcon.colcon_core.environment:checking '/home/daniel/ur3e_hand_tracking_ros/install/ur_simulation_gazebo' for CMake module files
[4.139s] Level 1:colcon.colcon_core.environment:checking '/home/daniel/ur3e_hand_tracking_ros/install/ur_simulation_gazebo' for CMake config files
[4.140s] Level 1:colcon.colcon_core.shell:create_environment_hook('ur_simulation_gazebo', 'cmake_prefix_path')
[4.140s] INFO:colcon.colcon_core.shell:Creating environment hook '/home/daniel/ur3e_hand_tracking_ros/install/ur_simulation_gazebo/share/ur_simulation_gazebo/hook/cmake_prefix_path.ps1'
[4.142s] INFO:colcon.colcon_core.shell:Creating environment descriptor '/home/daniel/ur3e_hand_tracking_ros/install/ur_simulation_gazebo/share/ur_simulation_gazebo/hook/cmake_prefix_path.dsv'
[4.143s] INFO:colcon.colcon_core.shell:Creating environment hook '/home/daniel/ur3e_hand_tracking_ros/install/ur_simulation_gazebo/share/ur_simulation_gazebo/hook/cmake_prefix_path.sh'
[4.146s] Level 1:colcon.colcon_core.environment:checking '/home/daniel/ur3e_hand_tracking_ros/install/ur_simulation_gazebo/bin'
[4.146s] Level 1:colcon.colcon_core.environment:checking '/home/daniel/ur3e_hand_tracking_ros/install/ur_simulation_gazebo/lib/pkgconfig/ur_simulation_gazebo.pc'
[4.147s] Level 1:colcon.colcon_core.environment:checking '/home/daniel/ur3e_hand_tracking_ros/install/ur_simulation_gazebo/lib/python3.10/site-packages'
[4.147s] Level 1:colcon.colcon_core.environment:checking '/home/daniel/ur3e_hand_tracking_ros/install/ur_simulation_gazebo/bin'
[4.148s] INFO:colcon.colcon_core.shell:Creating package script '/home/daniel/ur3e_hand_tracking_ros/install/ur_simulation_gazebo/share/ur_simulation_gazebo/package.ps1'
[4.151s] INFO:colcon.colcon_core.shell:Creating package descriptor '/home/daniel/ur3e_hand_tracking_ros/install/ur_simulation_gazebo/share/ur_simulation_gazebo/package.dsv'
[4.153s] INFO:colcon.colcon_core.shell:Creating package script '/home/daniel/ur3e_hand_tracking_ros/install/ur_simulation_gazebo/share/ur_simulation_gazebo/package.sh'
[4.156s] INFO:colcon.colcon_core.shell:Creating package script '/home/daniel/ur3e_hand_tracking_ros/install/ur_simulation_gazebo/share/ur_simulation_gazebo/package.bash'
[4.159s] INFO:colcon.colcon_core.shell:Creating package script '/home/daniel/ur3e_hand_tracking_ros/install/ur_simulation_gazebo/share/ur_simulation_gazebo/package.zsh'
[4.160s] Level 1:colcon.colcon_core.environment:create_file_with_runtime_dependencies(/home/daniel/ur3e_hand_tracking_ros/install/ur_simulation_gazebo/share/colcon-core/packages/ur_simulation_gazebo)
[4.162s] Level 1:colcon.colcon_core.environment:create_environment_scripts_only(ur_simulation_gazebo)
[4.163s] Level 1:colcon.colcon_core.environment:checking '/home/daniel/ur3e_hand_tracking_ros/install/ur_simulation_gazebo' for CMake module files
[4.164s] Level 1:colcon.colcon_core.environment:checking '/home/daniel/ur3e_hand_tracking_ros/install/ur_simulation_gazebo' for CMake config files
[4.165s] Level 1:colcon.colcon_core.shell:create_environment_hook('ur_simulation_gazebo', 'cmake_prefix_path')
[4.166s] INFO:colcon.colcon_core.shell:Creating environment hook '/home/daniel/ur3e_hand_tracking_ros/install/ur_simulation_gazebo/share/ur_simulation_gazebo/hook/cmake_prefix_path.ps1'
[4.168s] INFO:colcon.colcon_core.shell:Creating environment descriptor '/home/daniel/ur3e_hand_tracking_ros/install/ur_simulation_gazebo/share/ur_simulation_gazebo/hook/cmake_prefix_path.dsv'
[4.170s] INFO:colcon.colcon_core.shell:Creating environment hook '/home/daniel/ur3e_hand_tracking_ros/install/ur_simulation_gazebo/share/ur_simulation_gazebo/hook/cmake_prefix_path.sh'
[4.171s] Level 1:colcon.colcon_core.environment:checking '/home/daniel/ur3e_hand_tracking_ros/install/ur_simulation_gazebo/bin'
[4.172s] Level 1:colcon.colcon_core.environment:checking '/home/daniel/ur3e_hand_tracking_ros/install/ur_simulation_gazebo/lib/pkgconfig/ur_simulation_gazebo.pc'
[4.172s] Level 1:colcon.colcon_core.environment:checking '/home/daniel/ur3e_hand_tracking_ros/install/ur_simulation_gazebo/lib/python3.10/site-packages'
[4.173s] Level 1:colcon.colcon_core.environment:checking '/home/daniel/ur3e_hand_tracking_ros/install/ur_simulation_gazebo/bin'
[4.174s] INFO:colcon.colcon_core.shell:Creating package script '/home/daniel/ur3e_hand_tracking_ros/install/ur_simulation_gazebo/share/ur_simulation_gazebo/package.ps1'
[4.176s] INFO:colcon.colcon_core.shell:Creating package descriptor '/home/daniel/ur3e_hand_tracking_ros/install/ur_simulation_gazebo/share/ur_simulation_gazebo/package.dsv'
[4.177s] INFO:colcon.colcon_core.shell:Creating package script '/home/daniel/ur3e_hand_tracking_ros/install/ur_simulation_gazebo/share/ur_simulation_gazebo/package.sh'
[4.179s] INFO:colcon.colcon_core.shell:Creating package script '/home/daniel/ur3e_hand_tracking_ros/install/ur_simulation_gazebo/share/ur_simulation_gazebo/package.bash'
[4.180s] INFO:colcon.colcon_core.shell:Creating package script '/home/daniel/ur3e_hand_tracking_ros/install/ur_simulation_gazebo/share/ur_simulation_gazebo/package.zsh'
[4.182s] Level 1:colcon.colcon_core.environment:create_file_with_runtime_dependencies(/home/daniel/ur3e_hand_tracking_ros/install/ur_simulation_gazebo/share/colcon-core/packages/ur_simulation_gazebo)
[6.365s] DEBUG:colcon.colcon_core.event_handler.log_command:Invoked command in '/home/daniel/ur3e_hand_tracking_ros/build/tracking_pkg' returned '0': CMAKE_PREFIX_PATH=${CMAKE_PREFIX_PATH}:/home/daniel/ur3e_hand_tracking_ros/install/ur_simulation_gazebo:/opt/ros/humble /usr/bin/cmake /home/daniel/ur3e_hand_tracking_ros/src/tracking_pkg -DAMENT_CMAKE_SYMLINK_INSTALL=1 -DCMAKE_INSTALL_PREFIX=/home/daniel/ur3e_hand_tracking_ros/install/tracking_pkg
[6.373s] DEBUG:colcon.colcon_core.event_handler.log_command:Invoking command in '/home/daniel/ur3e_hand_tracking_ros/build/tracking_pkg': CMAKE_PREFIX_PATH=${CMAKE_PREFIX_PATH}:/home/daniel/ur3e_hand_tracking_ros/install/ur_simulation_gazebo:/opt/ros/humble /usr/bin/cmake --build /home/daniel/ur3e_hand_tracking_ros/build/tracking_pkg -- -j8 -l8
[23.604s] DEBUG:colcon.colcon_core.event_handler.log_command:Invoked command in '/home/daniel/ur3e_hand_tracking_ros/build/tracking_pkg' returned '0': CMAKE_PREFIX_PATH=${CMAKE_PREFIX_PATH}:/home/daniel/ur3e_hand_tracking_ros/install/ur_simulation_gazebo:/opt/ros/humble /usr/bin/cmake --build /home/daniel/ur3e_hand_tracking_ros/build/tracking_pkg -- -j8 -l8
[23.606s] DEBUG:colcon.colcon_core.event_handler.log_command:Invoking command in '/home/daniel/ur3e_hand_tracking_ros/build/tracking_pkg': CMAKE_PREFIX_PATH=${CMAKE_PREFIX_PATH}:/home/daniel/ur3e_hand_tracking_ros/install/ur_simulation_gazebo:/opt/ros/humble /usr/bin/cmake --install /home/daniel/ur3e_hand_tracking_ros/build/tracking_pkg
[23.840s] Level 1:colcon.colcon_core.environment:create_environment_scripts_only(tracking_pkg)
[23.840s] Level 1:colcon.colcon_core.environment:checking '/home/daniel/ur3e_hand_tracking_ros/install/tracking_pkg' for CMake module files
[23.841s] DEBUG:colcon.colcon_core.event_handler.log_command:Invoked command in '/home/daniel/ur3e_hand_tracking_ros/build/tracking_pkg' returned '0': CMAKE_PREFIX_PATH=${CMAKE_PREFIX_PATH}:/home/daniel/ur3e_hand_tracking_ros/install/ur_simulation_gazebo:/opt/ros/humble /usr/bin/cmake --install /home/daniel/ur3e_hand_tracking_ros/build/tracking_pkg
[23.841s] Level 1:colcon.colcon_core.environment:checking '/home/daniel/ur3e_hand_tracking_ros/install/tracking_pkg' for CMake config files
[23.842s] Level 1:colcon.colcon_core.shell:create_environment_hook('tracking_pkg', 'cmake_prefix_path')
[23.842s] INFO:colcon.colcon_core.shell:Creating environment hook '/home/daniel/ur3e_hand_tracking_ros/install/tracking_pkg/share/tracking_pkg/hook/cmake_prefix_path.ps1'
[23.842s] INFO:colcon.colcon_core.shell:Creating environment descriptor '/home/daniel/ur3e_hand_tracking_ros/install/tracking_pkg/share/tracking_pkg/hook/cmake_prefix_path.dsv'
[23.843s] INFO:colcon.colcon_core.shell:Creating environment hook '/home/daniel/ur3e_hand_tracking_ros/install/tracking_pkg/share/tracking_pkg/hook/cmake_prefix_path.sh'
[23.843s] Level 1:colcon.colcon_core.environment:checking '/home/daniel/ur3e_hand_tracking_ros/install/tracking_pkg/lib'
[23.843s] Level 1:colcon.colcon_core.environment:checking '/home/daniel/ur3e_hand_tracking_ros/install/tracking_pkg/bin'
[23.843s] Level 1:colcon.colcon_core.environment:checking '/home/daniel/ur3e_hand_tracking_ros/install/tracking_pkg/lib/pkgconfig/tracking_pkg.pc'
[23.844s] Level 1:colcon.colcon_core.environment:checking '/home/daniel/ur3e_hand_tracking_ros/install/tracking_pkg/lib/python3.10/site-packages'
[23.844s] Level 1:colcon.colcon_core.environment:checking '/home/daniel/ur3e_hand_tracking_ros/install/tracking_pkg/bin'
[23.844s] INFO:colcon.colcon_core.shell:Creating package script '/home/daniel/ur3e_hand_tracking_ros/install/tracking_pkg/share/tracking_pkg/package.ps1'
[23.845s] INFO:colcon.colcon_core.shell:Creating package descriptor '/home/daniel/ur3e_hand_tracking_ros/install/tracking_pkg/share/tracking_pkg/package.dsv'
[23.845s] INFO:colcon.colcon_core.shell:Creating package script '/home/daniel/ur3e_hand_tracking_ros/install/tracking_pkg/share/tracking_pkg/package.sh'
[23.846s] INFO:colcon.colcon_core.shell:Creating package script '/home/daniel/ur3e_hand_tracking_ros/install/tracking_pkg/share/tracking_pkg/package.bash'
[23.846s] INFO:colcon.colcon_core.shell:Creating package script '/home/daniel/ur3e_hand_tracking_ros/install/tracking_pkg/share/tracking_pkg/package.zsh'
[23.846s] Level 1:colcon.colcon_core.environment:create_file_with_runtime_dependencies(/home/daniel/ur3e_hand_tracking_ros/install/tracking_pkg/share/colcon-core/packages/tracking_pkg)
[23.847s] Level 1:colcon.colcon_core.environment:create_environment_scripts_only(tracking_pkg)
[23.847s] Level 1:colcon.colcon_core.environment:checking '/home/daniel/ur3e_hand_tracking_ros/install/tracking_pkg' for CMake module files
[23.848s] Level 1:colcon.colcon_core.environment:checking '/home/daniel/ur3e_hand_tracking_ros/install/tracking_pkg' for CMake config files
[23.848s] Level 1:colcon.colcon_core.shell:create_environment_hook('tracking_pkg', 'cmake_prefix_path')
[23.848s] INFO:colcon.colcon_core.shell:Creating environment hook '/home/daniel/ur3e_hand_tracking_ros/install/tracking_pkg/share/tracking_pkg/hook/cmake_prefix_path.ps1'
[23.849s] INFO:colcon.colcon_core.shell:Creating environment descriptor '/home/daniel/ur3e_hand_tracking_ros/install/tracking_pkg/share/tracking_pkg/hook/cmake_prefix_path.dsv'
[23.849s] INFO:colcon.colcon_core.shell:Creating environment hook '/home/daniel/ur3e_hand_tracking_ros/install/tracking_pkg/share/tracking_pkg/hook/cmake_prefix_path.sh'
[23.850s] Level 1:colcon.colcon_core.environment:checking '/home/daniel/ur3e_hand_tracking_ros/install/tracking_pkg/lib'
[23.850s] Level 1:colcon.colcon_core.environment:checking '/home/daniel/ur3e_hand_tracking_ros/install/tracking_pkg/bin'
[23.850s] Level 1:colcon.colcon_core.environment:checking '/home/daniel/ur3e_hand_tracking_ros/install/tracking_pkg/lib/pkgconfig/tracking_pkg.pc'
[23.850s] Level 1:colcon.colcon_core.environment:checking '/home/daniel/ur3e_hand_tracking_ros/install/tracking_pkg/lib/python3.10/site-packages'
[23.850s] Level 1:colcon.colcon_core.environment:checking '/home/daniel/ur3e_hand_tracking_ros/install/tracking_pkg/bin'
[23.851s] INFO:colcon.colcon_core.shell:Creating package script '/home/daniel/ur3e_hand_tracking_ros/install/tracking_pkg/share/tracking_pkg/package.ps1'
[23.851s] INFO:colcon.colcon_core.shell:Creating package descriptor '/home/daniel/ur3e_hand_tracking_ros/install/tracking_pkg/share/tracking_pkg/package.dsv'
[23.852s] INFO:colcon.colcon_core.shell:Creating package script '/home/daniel/ur3e_hand_tracking_ros/install/tracking_pkg/share/tracking_pkg/package.sh'
[23.852s] INFO:colcon.colcon_core.shell:Creating package script '/home/daniel/ur3e_hand_tracking_ros/install/tracking_pkg/share/tracking_pkg/package.bash'
[23.852s] INFO:colcon.colcon_core.shell:Creating package script '/home/daniel/ur3e_hand_tracking_ros/install/tracking_pkg/share/tracking_pkg/package.zsh'
[23.853s] Level 1:colcon.colcon_core.environment:create_file_with_runtime_dependencies(/home/daniel/ur3e_hand_tracking_ros/install/tracking_pkg/share/colcon-core/packages/tracking_pkg)
[23.853s] DEBUG:colcon.colcon_parallel_executor.executor.parallel:closing loop
[23.853s] DEBUG:colcon.colcon_parallel_executor.executor.parallel:loop closed
[23.853s] DEBUG:colcon.colcon_parallel_executor.executor.parallel:run_until_complete finished with '0'
[23.853s] DEBUG:colcon.colcon_core.event_reactor:joining thread
[23.862s] INFO:colcon.colcon_core.plugin_system:Skipping extension 'colcon_notification.desktop_notification.terminal_notifier': Not used on non-Darwin systems
[23.862s] INFO:colcon.colcon_core.plugin_system:Skipping extension 'colcon_notification.desktop_notification.win32': Not used on non-Windows systems
[23.863s] INFO:colcon.colcon_notification.desktop_notification:Sending desktop notification using 'notify2'
[23.880s] DEBUG:colcon.colcon_core.event_reactor:joined thread
[23.881s] INFO:colcon.colcon_core.shell:Creating prefix script '/home/daniel/ur3e_hand_tracking_ros/install/local_setup.ps1'
[23.882s] INFO:colcon.colcon_core.shell:Creating prefix util module '/home/daniel/ur3e_hand_tracking_ros/install/_local_setup_util_ps1.py'
[23.886s] INFO:colcon.colcon_core.shell:Creating prefix chain script '/home/daniel/ur3e_hand_tracking_ros/install/setup.ps1'
[23.889s] INFO:colcon.colcon_core.shell:Creating prefix script '/home/daniel/ur3e_hand_tracking_ros/install/local_setup.sh'
[23.890s] INFO:colcon.colcon_core.shell:Creating prefix util module '/home/daniel/ur3e_hand_tracking_ros/install/_local_setup_util_sh.py'
[23.891s] INFO:colcon.colcon_core.shell:Creating prefix chain script '/home/daniel/ur3e_hand_tracking_ros/install/setup.sh'
[23.893s] INFO:colcon.colcon_core.shell:Creating prefix script '/home/daniel/ur3e_hand_tracking_ros/install/local_setup.bash'
[23.893s] INFO:colcon.colcon_core.shell:Creating prefix chain script '/home/daniel/ur3e_hand_tracking_ros/install/setup.bash'
[23.895s] INFO:colcon.colcon_core.shell:Creating prefix script '/home/daniel/ur3e_hand_tracking_ros/install/local_setup.zsh'
[23.896s] INFO:colcon.colcon_core.shell:Creating prefix chain script '/home/daniel/ur3e_hand_tracking_ros/install/setup.zsh'
