[0.019s] Invoking command in '/home/daniel/ur3e_hand_tracking_ros/build/tracking_pkg': CMAKE_PREFIX_PATH=${CMAKE_PREFIX_PATH}:/home/daniel/ur3e_hand_tracking_ros/install/ur_simulation_gazebo:/opt/ros/humble /usr/bin/cmake /home/daniel/ur3e_hand_tracking_ros/src/tracking_pkg -DAMENT_CMAKE_SYMLINK_INSTALL=1 -DCMAKE_INSTALL_PREFIX=/home/daniel/ur3e_hand_tracking_ros/install/tracking_pkg
[0.149s] -- The C compiler identification is GNU 11.4.0
[0.311s] -- The CXX compiler identification is GNU 11.4.0
[0.348s] -- Detecting C compiler ABI info
[0.593s] -- Detecting C compiler ABI info - done
[0.622s] -- Check for working C compiler: /usr/bin/cc - skipped
[0.634s] -- Detecting C compile features
[0.637s] -- Detecting C compile features - done
[0.653s] -- Detecting CXX compiler ABI info
[0.993s] -- Detecting CXX compiler ABI info - done
[1.014s] -- Check for working CXX compiler: /usr/bin/c++ - skipped
[1.015s] -- Detecting CXX compile features
[1.017s] -- Detecting CXX compile features - done
[1.023s] -- Found ament_cmake: 1.3.10 (/opt/ros/humble/share/ament_cmake/cmake)
[2.310s] -- Found Python3: /usr/bin/python3 (found version "3.10.12") found components: Interpreter 
[2.485s] -- Override CMake install command with custom implementation using symlinks instead of copying resources
[2.549s] -- Found rclcpp: 16.0.10 (/opt/ros/humble/share/rclcpp/cmake)
[2.718s] -- Found rosidl_generator_c: 3.1.5 (/opt/ros/humble/share/rosidl_generator_c/cmake)
[2.736s] -- Found rosidl_adapter: 3.1.5 (/opt/ros/humble/share/rosidl_adapter/cmake)
[2.792s] -- Found rosidl_generator_cpp: 3.1.5 (/opt/ros/humble/share/rosidl_generator_cpp/cmake)
[2.862s] -- Using all available rosidl_typesupport_c: rosidl_typesupport_fastrtps_c;rosidl_typesupport_introspection_c
[2.937s] -- Using all available rosidl_typesupport_cpp: rosidl_typesupport_fastrtps_cpp;rosidl_typesupport_introspection_cpp
[3.150s] -- Found rmw_implementation_cmake: 6.1.2 (/opt/ros/humble/share/rmw_implementation_cmake/cmake)
[3.161s] -- Found rmw_cyclonedds_cpp: 1.3.4 (/opt/ros/humble/share/rmw_cyclonedds_cpp/cmake)
[3.255s] -- Using RMW implementation 'rmw_cyclonedds_cpp' as default
[3.316s] -- Looking for pthread.h
[3.591s] -- Looking for pthread.h - found
[3.593s] -- Performing Test CMAKE_HAVE_LIBC_PTHREAD
[3.883s] -- Performing Test CMAKE_HAVE_LIBC_PTHREAD - Success
[3.886s] -- Found Threads: TRUE  
[4.087s] -- Found geometry_msgs: 4.2.4 (/opt/ros/humble/share/geometry_msgs/cmake)
[4.129s] -- Found moveit_ros_planning_interface: 2.5.6 (/opt/ros/humble/share/moveit_ros_planning_interface/cmake)
[4.232s] -- Found Boost: /usr/lib/x86_64-linux-gnu/cmake/Boost-1.74.0/BoostConfig.cmake (found version "1.74.0") found components: date_time filesystem program_options system thread 
[4.514s] -- Found Boost: /usr/lib/x86_64-linux-gnu/cmake/Boost-1.74.0/BoostConfig.cmake (found version "1.74.0") found components: chrono date_time filesystem iostreams program_options regex serialization system thread 
[4.604s] -- Found parameter_traits: 0.3.9 (/opt/ros/humble/share/parameter_traits/cmake)
[4.627s] -- Found Eigen3: TRUE (found version "3.4.0") 
[4.632s] -- Found rclcpp_lifecycle: 16.0.10 (/opt/ros/humble/share/rclcpp_lifecycle/cmake)
[4.685s] -- Found Boost: /usr/lib/x86_64-linux-gnu/cmake/Boost-1.74.0/BoostConfig.cmake (found version "1.74.0") found components: filesystem 
[4.826s] -- library: /usr/lib/x86_64-linux-gnu/libcurl.so
[4.887s] -- Ensuring Eigen3 include directory is part of orocos-kdl CMake target
[5.162s] -- Found Boost: /usr/lib/x86_64-linux-gnu/cmake/Boost-1.74.0/BoostConfig.cmake (found version "1.74.0") found components: system filesystem date_time program_options thread chrono 
[5.227s] -- Found Boost: /usr/lib/x86_64-linux-gnu/cmake/Boost-1.74.0/BoostConfig.cmake (found version "1.74.0") found components: thread system filesystem regex date_time program_options 
[5.498s] -- Found Boost: /usr/lib/x86_64-linux-gnu/cmake/Boost-1.74.0/BoostConfig.cmake (found version "1.74.0") found components: system filesystem date_time program_options thread 
[5.587s] -- Found ament_lint_auto: 0.12.11 (/opt/ros/humble/share/ament_lint_auto/cmake)
[5.862s] -- Added test 'cppcheck' to perform static code analysis on C / C++ code
[5.863s] -- Configured cppcheck include dirs: 
[5.863s] -- Configured cppcheck exclude dirs and/or files: 
[5.866s] -- Added test 'flake8' to check Python code syntax and style conventions
[5.869s] -- Added test 'lint_cmake' to check CMake code style
[5.871s] -- Added test 'pep257' to check Python code against some of the docstring style conventions in PEP 257
[5.877s] -- Added test 'uncrustify' to check C / C++ code style
[5.877s] -- Configured uncrustify additional arguments: 
[5.880s] -- Added test 'xmllint' to check XML markup files
[5.887s] -- Configuring done
[5.975s] -- Generating done
[6.006s] -- Build files have been written to: /home/daniel/ur3e_hand_tracking_ros/build/tracking_pkg
[6.058s] Invoked command in '/home/daniel/ur3e_hand_tracking_ros/build/tracking_pkg' returned '0': CMAKE_PREFIX_PATH=${CMAKE_PREFIX_PATH}:/home/daniel/ur3e_hand_tracking_ros/install/ur_simulation_gazebo:/opt/ros/humble /usr/bin/cmake /home/daniel/ur3e_hand_tracking_ros/src/tracking_pkg -DAMENT_CMAKE_SYMLINK_INSTALL=1 -DCMAKE_INSTALL_PREFIX=/home/daniel/ur3e_hand_tracking_ros/install/tracking_pkg
[6.065s] Invoking command in '/home/daniel/ur3e_hand_tracking_ros/build/tracking_pkg': CMAKE_PREFIX_PATH=${CMAKE_PREFIX_PATH}:/home/daniel/ur3e_hand_tracking_ros/install/ur_simulation_gazebo:/opt/ros/humble /usr/bin/cmake --build /home/daniel/ur3e_hand_tracking_ros/build/tracking_pkg -- -j8 -l8
[6.192s] [ 50%] [32mBuilding CXX object CMakeFiles/moveit_mover.dir/src/moveit_mover/moveit_mover.cpp.o[0m
[22.383s] [100%] [32m[1mLinking CXX executable moveit_mover[0m
[23.283s] [100%] Built target moveit_mover
[23.297s] Invoked command in '/home/daniel/ur3e_hand_tracking_ros/build/tracking_pkg' returned '0': CMAKE_PREFIX_PATH=${CMAKE_PREFIX_PATH}:/home/daniel/ur3e_hand_tracking_ros/install/ur_simulation_gazebo:/opt/ros/humble /usr/bin/cmake --build /home/daniel/ur3e_hand_tracking_ros/build/tracking_pkg -- -j8 -l8
[23.299s] Invoking command in '/home/daniel/ur3e_hand_tracking_ros/build/tracking_pkg': CMAKE_PREFIX_PATH=${CMAKE_PREFIX_PATH}:/home/daniel/ur3e_hand_tracking_ros/install/ur_simulation_gazebo:/opt/ros/humble /usr/bin/cmake --install /home/daniel/ur3e_hand_tracking_ros/build/tracking_pkg
[23.309s] -- Install configuration: ""
[23.310s] -- Execute custom install script
[23.310s] -- Symlinking: /home/daniel/ur3e_hand_tracking_ros/install/tracking_pkg/lib/tracking_pkg/hand_tracker.py
[23.323s] -- Symlinking: /home/daniel/ur3e_hand_tracking_ros/install/tracking_pkg/lib/tracking_pkg/camera_publisher.py
[23.335s] -- Symlinking: /home/daniel/ur3e_hand_tracking_ros/install/tracking_pkg/lib/tracking_pkg/frame_publisher.py
[23.346s] -- Symlinking: /home/daniel/ur3e_hand_tracking_ros/install/tracking_pkg/lib/tracking_pkg/hand_pose_visualization_publisher.py
[23.356s] -- Symlinking: /home/daniel/ur3e_hand_tracking_ros/install/tracking_pkg/lib/tracking_pkg/box_publisher.py
[23.366s] -- Symlinking: /home/daniel/ur3e_hand_tracking_ros/install/tracking_pkg/lib/tracking_pkg/socket_mover.py
[23.376s] -- Symlinking: /home/daniel/ur3e_hand_tracking_ros/install/tracking_pkg/share/tracking_pkg/launch/moveit_launch.py
[23.385s] -- Symlinking: /home/daniel/ur3e_hand_tracking_ros/install/tracking_pkg/share/tracking_pkg/launch/web_socket_launch.py
[23.393s] -- Symlinking: /home/daniel/ur3e_hand_tracking_ros/install/tracking_pkg/lib/tracking_pkg/moveit_mover
[23.401s] -- Symlinking: /home/daniel/ur3e_hand_tracking_ros/install/tracking_pkg/share/ament_index/resource_index/package_run_dependencies/tracking_pkg
[23.410s] -- Symlinking: /home/daniel/ur3e_hand_tracking_ros/install/tracking_pkg/share/ament_index/resource_index/parent_prefix_path/tracking_pkg
[23.418s] -- Symlinking: /home/daniel/ur3e_hand_tracking_ros/install/tracking_pkg/share/tracking_pkg/environment/ament_prefix_path.sh
[23.429s] -- Symlinking: /home/daniel/ur3e_hand_tracking_ros/install/tracking_pkg/share/tracking_pkg/environment/ament_prefix_path.dsv
[23.437s] -- Symlinking: /home/daniel/ur3e_hand_tracking_ros/install/tracking_pkg/share/tracking_pkg/environment/path.sh
[23.447s] -- Symlinking: /home/daniel/ur3e_hand_tracking_ros/install/tracking_pkg/share/tracking_pkg/environment/path.dsv
[23.455s] -- Symlinking: /home/daniel/ur3e_hand_tracking_ros/install/tracking_pkg/share/tracking_pkg/local_setup.bash
[23.464s] -- Symlinking: /home/daniel/ur3e_hand_tracking_ros/install/tracking_pkg/share/tracking_pkg/local_setup.sh
[23.472s] -- Symlinking: /home/daniel/ur3e_hand_tracking_ros/install/tracking_pkg/share/tracking_pkg/local_setup.zsh
[23.480s] -- Symlinking: /home/daniel/ur3e_hand_tracking_ros/install/tracking_pkg/share/tracking_pkg/local_setup.dsv
[23.488s] -- Symlinking: /home/daniel/ur3e_hand_tracking_ros/install/tracking_pkg/share/tracking_pkg/package.dsv
[23.497s] -- Symlinking: /home/daniel/ur3e_hand_tracking_ros/install/tracking_pkg/share/ament_index/resource_index/packages/tracking_pkg
[23.506s] -- Symlinking: /home/daniel/ur3e_hand_tracking_ros/install/tracking_pkg/share/tracking_pkg/cmake/tracking_pkgConfig.cmake
[23.514s] -- Symlinking: /home/daniel/ur3e_hand_tracking_ros/install/tracking_pkg/share/tracking_pkg/cmake/tracking_pkgConfig-version.cmake
[23.523s] -- Symlinking: /home/daniel/ur3e_hand_tracking_ros/install/tracking_pkg/share/tracking_pkg/package.xml
[23.534s] Invoked command in '/home/daniel/ur3e_hand_tracking_ros/build/tracking_pkg' returned '0': CMAKE_PREFIX_PATH=${CMAKE_PREFIX_PATH}:/home/daniel/ur3e_hand_tracking_ros/install/ur_simulation_gazebo:/opt/ros/humble /usr/bin/cmake --install /home/daniel/ur3e_hand_tracking_ros/build/tracking_pkg
