[0.059s] Invoking command in '/home/daniel/ur3e_hand_tracking_ros/build/tracking_pkg': CMAKE_PREFIX_PATH=${CMAKE_PREFIX_PATH}:/opt/ros/humble /usr/bin/cmake --build /home/daniel/ur3e_hand_tracking_ros/build/tracking_pkg -- -j8 -l8
[0.245s] [35m[1mConsolidate compiler generated dependencies of target moveit_mover[0m
[0.393s] [ 50%] [32mBuilding CXX object CMakeFiles/moveit_mover.dir/src/moveit_mover/moveit_mover.cpp.o[0m
[22.905s] [100%] [32m[1mLinking CXX executable moveit_mover[0m
[24.284s] [100%] Built target moveit_mover
[24.305s] Invoked command in '/home/daniel/ur3e_hand_tracking_ros/build/tracking_pkg' returned '0': CMAKE_PREFIX_PATH=${CMAKE_PREFIX_PATH}:/opt/ros/humble /usr/bin/cmake --build /home/daniel/ur3e_hand_tracking_ros/build/tracking_pkg -- -j8 -l8
[24.308s] Invoking command in '/home/daniel/ur3e_hand_tracking_ros/build/tracking_pkg': CMAKE_PREFIX_PATH=${CMAKE_PREFIX_PATH}:/opt/ros/humble /usr/bin/cmake --install /home/daniel/ur3e_hand_tracking_ros/build/tracking_pkg
[24.325s] -- Install configuration: ""
[24.326s] -- Execute custom install script
[24.328s] -- Up-to-date symlink: /home/daniel/ur3e_hand_tracking_ros/install/tracking_pkg/lib/tracking_pkg/hand_tracker.py
[24.329s] -- Up-to-date symlink: /home/daniel/ur3e_hand_tracking_ros/install/tracking_pkg/lib/tracking_pkg/camera_publisher.py
[24.331s] -- Up-to-date symlink: /home/daniel/ur3e_hand_tracking_ros/install/tracking_pkg/lib/tracking_pkg/frame_publisher.py
[24.332s] -- Up-to-date symlink: /home/daniel/ur3e_hand_tracking_ros/install/tracking_pkg/lib/tracking_pkg/hand_pose_visualization_publisher.py
[24.334s] -- Up-to-date symlink: /home/daniel/ur3e_hand_tracking_ros/install/tracking_pkg/lib/tracking_pkg/box_publisher.py
[24.335s] -- Up-to-date symlink: /home/daniel/ur3e_hand_tracking_ros/install/tracking_pkg/lib/tracking_pkg/socket_mover.py
[24.335s] -- Up-to-date symlink: /home/daniel/ur3e_hand_tracking_ros/install/tracking_pkg/lib/tracking_pkg/gripper_mover.py
[24.337s] -- Up-to-date symlink: /home/daniel/ur3e_hand_tracking_ros/install/tracking_pkg/share/tracking_pkg/launch/moveit_launch.py
[24.337s] -- Up-to-date symlink: /home/daniel/ur3e_hand_tracking_ros/install/tracking_pkg/share/tracking_pkg/launch/web_socket_launch.py
[24.338s] -- Up-to-date symlink: /home/daniel/ur3e_hand_tracking_ros/install/tracking_pkg/lib/tracking_pkg/moveit_mover
[24.339s] -- Up-to-date symlink: /home/daniel/ur3e_hand_tracking_ros/install/tracking_pkg/share/ament_index/resource_index/package_run_dependencies/tracking_pkg
[24.340s] -- Up-to-date symlink: /home/daniel/ur3e_hand_tracking_ros/install/tracking_pkg/share/ament_index/resource_index/parent_prefix_path/tracking_pkg
[24.341s] -- Up-to-date symlink: /home/daniel/ur3e_hand_tracking_ros/install/tracking_pkg/share/tracking_pkg/environment/ament_prefix_path.sh
[24.342s] -- Up-to-date symlink: /home/daniel/ur3e_hand_tracking_ros/install/tracking_pkg/share/tracking_pkg/environment/ament_prefix_path.dsv
[24.343s] -- Up-to-date symlink: /home/daniel/ur3e_hand_tracking_ros/install/tracking_pkg/share/tracking_pkg/environment/path.sh
[24.343s] -- Up-to-date symlink: /home/daniel/ur3e_hand_tracking_ros/install/tracking_pkg/share/tracking_pkg/environment/path.dsv
[24.344s] -- Up-to-date symlink: /home/daniel/ur3e_hand_tracking_ros/install/tracking_pkg/share/tracking_pkg/local_setup.bash
[24.345s] -- Up-to-date symlink: /home/daniel/ur3e_hand_tracking_ros/install/tracking_pkg/share/tracking_pkg/local_setup.sh
[24.345s] -- Up-to-date symlink: /home/daniel/ur3e_hand_tracking_ros/install/tracking_pkg/share/tracking_pkg/local_setup.zsh
[24.347s] -- Up-to-date symlink: /home/daniel/ur3e_hand_tracking_ros/install/tracking_pkg/share/tracking_pkg/local_setup.dsv
[24.347s] -- Symlinking: /home/daniel/ur3e_hand_tracking_ros/install/tracking_pkg/share/tracking_pkg/package.dsv
[24.373s] -- Up-to-date symlink: /home/daniel/ur3e_hand_tracking_ros/install/tracking_pkg/share/ament_index/resource_index/packages/tracking_pkg
[24.373s] -- Up-to-date symlink: /home/daniel/ur3e_hand_tracking_ros/install/tracking_pkg/share/tracking_pkg/cmake/tracking_pkgConfig.cmake
[24.373s] -- Up-to-date symlink: /home/daniel/ur3e_hand_tracking_ros/install/tracking_pkg/share/tracking_pkg/cmake/tracking_pkgConfig-version.cmake
[24.374s] -- Up-to-date symlink: /home/daniel/ur3e_hand_tracking_ros/install/tracking_pkg/share/tracking_pkg/package.xml
[24.377s] Invoked command in '/home/daniel/ur3e_hand_tracking_ros/build/tracking_pkg' returned '0': CMAKE_PREFIX_PATH=${CMAKE_PREFIX_PATH}:/opt/ros/humble /usr/bin/cmake --install /home/daniel/ur3e_hand_tracking_ros/build/tracking_pkg
