[0.106s] Invoking command in '/home/daniel/ur3e_hand_tracking_ros/build/tracking_pkg': CMAKE_PREFIX_PATH=${CMAKE_PREFIX_PATH}:/opt/ros/humble /usr/bin/cmake --build /home/daniel/ur3e_hand_tracking_ros/build/tracking_pkg -- -j8 -l8
[0.596s] [ 50%] [32mBuilding CXX object CMakeFiles/moveit_mover.dir/src/moveit_mover/moveit_mover.cpp.o[0m
[74.056s] [100%] [32m[1mLinking CXX executable moveit_mover[0m
[78.725s] [100%] Built target moveit_mover
[78.803s] Invoked command in '/home/daniel/ur3e_hand_tracking_ros/build/tracking_pkg' returned '0': CMAKE_PREFIX_PATH=${CMAKE_PREFIX_PATH}:/opt/ros/humble /usr/bin/cmake --build /home/daniel/ur3e_hand_tracking_ros/build/tracking_pkg -- -j8 -l8
[78.829s] Invoking command in '/home/daniel/ur3e_hand_tracking_ros/build/tracking_pkg': CMAKE_PREFIX_PATH=${CMAKE_PREFIX_PATH}:/opt/ros/humble /usr/bin/cmake --install /home/daniel/ur3e_hand_tracking_ros/build/tracking_pkg
[78.873s] -- Install configuration: ""
[78.876s] -- Execute custom install script
[78.878s] -- Up-to-date symlink: /home/daniel/ur3e_hand_tracking_ros/install/tracking_pkg/lib/tracking_pkg/hand_tracker.py
[78.881s] -- Up-to-date symlink: /home/daniel/ur3e_hand_tracking_ros/install/tracking_pkg/lib/tracking_pkg/camera_publisher.py
[78.881s] -- Up-to-date symlink: /home/daniel/ur3e_hand_tracking_ros/install/tracking_pkg/lib/tracking_pkg/frame_publisher.py
[78.882s] -- Up-to-date symlink: /home/daniel/ur3e_hand_tracking_ros/install/tracking_pkg/lib/tracking_pkg/hand_pose_visualization_publisher.py
[78.883s] -- Up-to-date symlink: /home/daniel/ur3e_hand_tracking_ros/install/tracking_pkg/lib/tracking_pkg/box_publisher.py
[78.883s] -- Up-to-date symlink: /home/daniel/ur3e_hand_tracking_ros/install/tracking_pkg/lib/tracking_pkg/socket_mover.py
[78.883s] -- Up-to-date symlink: /home/daniel/ur3e_hand_tracking_ros/install/tracking_pkg/lib/tracking_pkg/gripper_mover.py
[78.885s] -- Up-to-date symlink: /home/daniel/ur3e_hand_tracking_ros/install/tracking_pkg/share/tracking_pkg/launch/moveit_launch.py
[78.887s] -- Up-to-date symlink: /home/daniel/ur3e_hand_tracking_ros/install/tracking_pkg/share/tracking_pkg/launch/web_socket_launch.py
[78.887s] -- Up-to-date symlink: /home/daniel/ur3e_hand_tracking_ros/install/tracking_pkg/lib/tracking_pkg/moveit_mover
[78.888s] -- Up-to-date symlink: /home/daniel/ur3e_hand_tracking_ros/install/tracking_pkg/share/ament_index/resource_index/package_run_dependencies/tracking_pkg
[78.890s] -- Up-to-date symlink: /home/daniel/ur3e_hand_tracking_ros/install/tracking_pkg/share/ament_index/resource_index/parent_prefix_path/tracking_pkg
[78.893s] -- Up-to-date symlink: /home/daniel/ur3e_hand_tracking_ros/install/tracking_pkg/share/tracking_pkg/environment/ament_prefix_path.sh
[78.898s] -- Up-to-date symlink: /home/daniel/ur3e_hand_tracking_ros/install/tracking_pkg/share/tracking_pkg/environment/ament_prefix_path.dsv
[78.899s] -- Up-to-date symlink: /home/daniel/ur3e_hand_tracking_ros/install/tracking_pkg/share/tracking_pkg/environment/path.sh
[78.899s] -- Up-to-date symlink: /home/daniel/ur3e_hand_tracking_ros/install/tracking_pkg/share/tracking_pkg/environment/path.dsv
[78.899s] -- Up-to-date symlink: /home/daniel/ur3e_hand_tracking_ros/install/tracking_pkg/share/tracking_pkg/local_setup.bash
[78.900s] -- Up-to-date symlink: /home/daniel/ur3e_hand_tracking_ros/install/tracking_pkg/share/tracking_pkg/local_setup.sh
[78.900s] -- Up-to-date symlink: /home/daniel/ur3e_hand_tracking_ros/install/tracking_pkg/share/tracking_pkg/local_setup.zsh
[78.900s] -- Up-to-date symlink: /home/daniel/ur3e_hand_tracking_ros/install/tracking_pkg/share/tracking_pkg/local_setup.dsv
[78.915s] -- Symlinking: /home/daniel/ur3e_hand_tracking_ros/install/tracking_pkg/share/tracking_pkg/package.dsv
[78.950s] -- Up-to-date symlink: /home/daniel/ur3e_hand_tracking_ros/install/tracking_pkg/share/ament_index/resource_index/packages/tracking_pkg
[78.956s] -- Up-to-date symlink: /home/daniel/ur3e_hand_tracking_ros/install/tracking_pkg/share/tracking_pkg/cmake/tracking_pkgConfig.cmake
[78.957s] -- Up-to-date symlink: /home/daniel/ur3e_hand_tracking_ros/install/tracking_pkg/share/tracking_pkg/cmake/tracking_pkgConfig-version.cmake
[78.957s] -- Up-to-date symlink: /home/daniel/ur3e_hand_tracking_ros/install/tracking_pkg/share/tracking_pkg/package.xml
[78.962s] Invoked command in '/home/daniel/ur3e_hand_tracking_ros/build/tracking_pkg' returned '0': CMAKE_PREFIX_PATH=${CMAKE_PREFIX_PATH}:/opt/ros/humble /usr/bin/cmake --install /home/daniel/ur3e_hand_tracking_ros/build/tracking_pkg
