[0.207s] DEBUG:colcon:Command line arguments: ['/usr/bin/colcon', 'build', '--symlink-install']
[0.207s] DEBUG:colcon:Parsed command line arguments: Namespace(log_base=None, log_level=None, verb_name='build', build_base='build', install_base='install', merge_install=False, symlink_install=True, test_result_base=None, continue_on_error=False, executor='parallel', parallel_workers=8, event_handlers=None, ignore_user_meta=False, metas=['./colcon.meta'], base_paths=['.'], packages_ignore=None, packages_ignore_regex=None, paths=None, packages_up_to=None, packages_up_to_regex=None, packages_above=None, packages_above_and_dependencies=None, packages_above_depth=None, packages_select_by_dep=None, packages_skip_by_dep=None, packages_skip_up_to=None, packages_select_build_failed=False, packages_skip_build_finished=False, packages_select_test_failures=False, packages_skip_test_passed=False, packages_select=None, packages_skip=None, packages_select_regex=None, packages_skip_regex=None, packages_start=None, packages_end=None, allow_overriding=[], cmake_args=None, cmake_target=None, cmake_target_skip_unavailable=False, cmake_clean_cache=False, cmake_clean_first=False, cmake_force_configure=False, ament_cmake_args=None, catkin_cmake_args=None, catkin_skip_building_tests=False, mixin_files=None, mixin=None, verb_parser=<colcon_mixin.mixin.mixin_argument.MixinArgumentDecorator object at 0x7df3948848b0>, verb_extension=<colcon_core.verb.build.BuildVerb object at 0x7df3948843d0>, main=<bound method BuildVerb.main of <colcon_core.verb.build.BuildVerb object at 0x7df3948843d0>>, mixin_verb=('build',))
[0.273s] Level 1:colcon.colcon_core.package_discovery:discover_packages(colcon_meta) check parameters
[0.273s] Level 1:colcon.colcon_core.package_discovery:discover_packages(recursive) check parameters
[0.274s] Level 1:colcon.colcon_core.package_discovery:discover_packages(ignore) check parameters
[0.274s] Level 1:colcon.colcon_core.package_discovery:discover_packages(path) check parameters
[0.274s] Level 1:colcon.colcon_core.package_discovery:discover_packages(colcon_meta) discover
[0.274s] Level 1:colcon.colcon_core.package_discovery:discover_packages(recursive) discover
[0.274s] INFO:colcon.colcon_core.package_discovery:Crawling recursively for packages in '/home/daniel/ur3e_hand_tracking_ros'
[0.274s] Level 1:colcon.colcon_core.package_identification:_identify(.) by extensions ['ignore', 'ignore_ament_install']
[0.274s] Level 1:colcon.colcon_core.package_identification:_identify(.) by extension 'ignore'
[0.274s] Level 1:colcon.colcon_core.package_identification:_identify(.) by extension 'ignore_ament_install'
[0.274s] Level 1:colcon.colcon_core.package_identification:_identify(.) by extensions ['colcon_pkg']
[0.274s] Level 1:colcon.colcon_core.package_identification:_identify(.) by extension 'colcon_pkg'
[0.274s] Level 1:colcon.colcon_core.package_identification:_identify(.) by extensions ['colcon_meta']
[0.274s] Level 1:colcon.colcon_core.package_identification:_identify(.) by extension 'colcon_meta'
[0.274s] Level 1:colcon.colcon_core.package_identification:_identify(.) by extensions ['ros']
[0.275s] Level 1:colcon.colcon_core.package_identification:_identify(.) by extension 'ros'
[0.309s] Level 1:colcon.colcon_core.package_identification:_identify(.) by extensions ['cmake', 'python']
[0.309s] Level 1:colcon.colcon_core.package_identification:_identify(.) by extension 'cmake'
[0.309s] Level 1:colcon.colcon_core.package_identification:_identify(.) by extension 'python'
[0.309s] Level 1:colcon.colcon_core.package_identification:_identify(.) by extensions ['python_setup_py']
[0.310s] Level 1:colcon.colcon_core.package_identification:_identify(.) by extension 'python_setup_py'
[0.310s] Level 1:colcon.colcon_core.package_identification:_identify(__pycache__) by extensions ['ignore', 'ignore_ament_install']
[0.310s] Level 1:colcon.colcon_core.package_identification:_identify(__pycache__) by extension 'ignore'
[0.311s] Level 1:colcon.colcon_core.package_identification:_identify(__pycache__) by extension 'ignore_ament_install'
[0.311s] Level 1:colcon.colcon_core.package_identification:_identify(__pycache__) by extensions ['colcon_pkg']
[0.311s] Level 1:colcon.colcon_core.package_identification:_identify(__pycache__) by extension 'colcon_pkg'
[0.311s] Level 1:colcon.colcon_core.package_identification:_identify(__pycache__) by extensions ['colcon_meta']
[0.311s] Level 1:colcon.colcon_core.package_identification:_identify(__pycache__) by extension 'colcon_meta'
[0.311s] Level 1:colcon.colcon_core.package_identification:_identify(__pycache__) by extensions ['ros']
[0.311s] Level 1:colcon.colcon_core.package_identification:_identify(__pycache__) by extension 'ros'
[0.312s] Level 1:colcon.colcon_core.package_identification:_identify(__pycache__) by extensions ['cmake', 'python']
[0.312s] Level 1:colcon.colcon_core.package_identification:_identify(__pycache__) by extension 'cmake'
[0.312s] Level 1:colcon.colcon_core.package_identification:_identify(__pycache__) by extension 'python'
[0.312s] Level 1:colcon.colcon_core.package_identification:_identify(__pycache__) by extensions ['python_setup_py']
[0.312s] Level 1:colcon.colcon_core.package_identification:_identify(__pycache__) by extension 'python_setup_py'
[0.312s] Level 1:colcon.colcon_core.package_identification:_identify(build) by extensions ['ignore', 'ignore_ament_install']
[0.312s] Level 1:colcon.colcon_core.package_identification:_identify(build) by extension 'ignore'
[0.313s] Level 1:colcon.colcon_core.package_identification:_identify(build) ignored
[0.313s] Level 1:colcon.colcon_core.package_identification:_identify(install) by extensions ['ignore', 'ignore_ament_install']
[0.313s] Level 1:colcon.colcon_core.package_identification:_identify(install) by extension 'ignore'
[0.313s] Level 1:colcon.colcon_core.package_identification:_identify(install) ignored
[0.313s] Level 1:colcon.colcon_core.package_identification:_identify(log) by extensions ['ignore', 'ignore_ament_install']
[0.314s] Level 1:colcon.colcon_core.package_identification:_identify(log) by extension 'ignore'
[0.314s] Level 1:colcon.colcon_core.package_identification:_identify(log) ignored
[0.314s] Level 1:colcon.colcon_core.package_identification:_identify(src) by extensions ['ignore', 'ignore_ament_install']
[0.314s] Level 1:colcon.colcon_core.package_identification:_identify(src) by extension 'ignore'
[0.314s] Level 1:colcon.colcon_core.package_identification:_identify(src) by extension 'ignore_ament_install'
[0.314s] Level 1:colcon.colcon_core.package_identification:_identify(src) by extensions ['colcon_pkg']
[0.314s] Level 1:colcon.colcon_core.package_identification:_identify(src) by extension 'colcon_pkg'
[0.315s] Level 1:colcon.colcon_core.package_identification:_identify(src) by extensions ['colcon_meta']
[0.315s] Level 1:colcon.colcon_core.package_identification:_identify(src) by extension 'colcon_meta'
[0.315s] Level 1:colcon.colcon_core.package_identification:_identify(src) by extensions ['ros']
[0.315s] Level 1:colcon.colcon_core.package_identification:_identify(src) by extension 'ros'
[0.315s] Level 1:colcon.colcon_core.package_identification:_identify(src) by extensions ['cmake', 'python']
[0.315s] Level 1:colcon.colcon_core.package_identification:_identify(src) by extension 'cmake'
[0.315s] Level 1:colcon.colcon_core.package_identification:_identify(src) by extension 'python'
[0.315s] Level 1:colcon.colcon_core.package_identification:_identify(src) by extensions ['python_setup_py']
[0.315s] Level 1:colcon.colcon_core.package_identification:_identify(src) by extension 'python_setup_py'
[0.316s] Level 1:colcon.colcon_core.package_identification:_identify(src/Universal_Robots_ROS2_Gazebo_Simulation) by extensions ['ignore', 'ignore_ament_install']
[0.316s] Level 1:colcon.colcon_core.package_identification:_identify(src/Universal_Robots_ROS2_Gazebo_Simulation) by extension 'ignore'
[0.316s] Level 1:colcon.colcon_core.package_identification:_identify(src/Universal_Robots_ROS2_Gazebo_Simulation) by extension 'ignore_ament_install'
[0.316s] Level 1:colcon.colcon_core.package_identification:_identify(src/Universal_Robots_ROS2_Gazebo_Simulation) by extensions ['colcon_pkg']
[0.316s] Level 1:colcon.colcon_core.package_identification:_identify(src/Universal_Robots_ROS2_Gazebo_Simulation) by extension 'colcon_pkg'
[0.317s] Level 1:colcon.colcon_core.package_identification:_identify(src/Universal_Robots_ROS2_Gazebo_Simulation) by extensions ['colcon_meta']
[0.317s] Level 1:colcon.colcon_core.package_identification:_identify(src/Universal_Robots_ROS2_Gazebo_Simulation) by extension 'colcon_meta'
[0.317s] Level 1:colcon.colcon_core.package_identification:_identify(src/Universal_Robots_ROS2_Gazebo_Simulation) by extensions ['ros']
[0.317s] Level 1:colcon.colcon_core.package_identification:_identify(src/Universal_Robots_ROS2_Gazebo_Simulation) by extension 'ros'
[0.317s] Level 1:colcon.colcon_core.package_identification:_identify(src/Universal_Robots_ROS2_Gazebo_Simulation) by extensions ['cmake', 'python']
[0.317s] Level 1:colcon.colcon_core.package_identification:_identify(src/Universal_Robots_ROS2_Gazebo_Simulation) by extension 'cmake'
[0.317s] Level 1:colcon.colcon_core.package_identification:_identify(src/Universal_Robots_ROS2_Gazebo_Simulation) by extension 'python'
[0.318s] Level 1:colcon.colcon_core.package_identification:_identify(src/Universal_Robots_ROS2_Gazebo_Simulation) by extensions ['python_setup_py']
[0.318s] Level 1:colcon.colcon_core.package_identification:_identify(src/Universal_Robots_ROS2_Gazebo_Simulation) by extension 'python_setup_py'
[0.318s] Level 1:colcon.colcon_core.package_identification:_identify(src/Universal_Robots_ROS2_Gazebo_Simulation/ur_simulation_gazebo) by extensions ['ignore', 'ignore_ament_install']
[0.318s] Level 1:colcon.colcon_core.package_identification:_identify(src/Universal_Robots_ROS2_Gazebo_Simulation/ur_simulation_gazebo) by extension 'ignore'
[0.318s] Level 1:colcon.colcon_core.package_identification:_identify(src/Universal_Robots_ROS2_Gazebo_Simulation/ur_simulation_gazebo) by extension 'ignore_ament_install'
[0.319s] Level 1:colcon.colcon_core.package_identification:_identify(src/Universal_Robots_ROS2_Gazebo_Simulation/ur_simulation_gazebo) by extensions ['colcon_pkg']
[0.319s] Level 1:colcon.colcon_core.package_identification:_identify(src/Universal_Robots_ROS2_Gazebo_Simulation/ur_simulation_gazebo) by extension 'colcon_pkg'
[0.319s] Level 1:colcon.colcon_core.package_identification:_identify(src/Universal_Robots_ROS2_Gazebo_Simulation/ur_simulation_gazebo) by extensions ['colcon_meta']
[0.319s] Level 1:colcon.colcon_core.package_identification:_identify(src/Universal_Robots_ROS2_Gazebo_Simulation/ur_simulation_gazebo) by extension 'colcon_meta'
[0.319s] Level 1:colcon.colcon_core.package_identification:_identify(src/Universal_Robots_ROS2_Gazebo_Simulation/ur_simulation_gazebo) by extensions ['ros']
[0.319s] Level 1:colcon.colcon_core.package_identification:_identify(src/Universal_Robots_ROS2_Gazebo_Simulation/ur_simulation_gazebo) by extension 'ros'
[0.330s] DEBUG:colcon.colcon_core.package_identification:Package 'src/Universal_Robots_ROS2_Gazebo_Simulation/ur_simulation_gazebo' with type 'ros.ament_cmake' and name 'ur_simulation_gazebo'
[0.330s] Level 1:colcon.colcon_core.package_identification:_identify(src/tracking_pkg) by extensions ['ignore', 'ignore_ament_install']
[0.331s] Level 1:colcon.colcon_core.package_identification:_identify(src/tracking_pkg) by extension 'ignore'
[0.331s] Level 1:colcon.colcon_core.package_identification:_identify(src/tracking_pkg) by extension 'ignore_ament_install'
[0.331s] Level 1:colcon.colcon_core.package_identification:_identify(src/tracking_pkg) by extensions ['colcon_pkg']
[0.331s] Level 1:colcon.colcon_core.package_identification:_identify(src/tracking_pkg) by extension 'colcon_pkg'
[0.331s] Level 1:colcon.colcon_core.package_identification:_identify(src/tracking_pkg) by extensions ['colcon_meta']
[0.331s] Level 1:colcon.colcon_core.package_identification:_identify(src/tracking_pkg) by extension 'colcon_meta'
[0.331s] Level 1:colcon.colcon_core.package_identification:_identify(src/tracking_pkg) by extensions ['ros']
[0.331s] Level 1:colcon.colcon_core.package_identification:_identify(src/tracking_pkg) by extension 'ros'
[0.333s] DEBUG:colcon.colcon_core.package_identification:Package 'src/tracking_pkg' with type 'ros.ament_cmake' and name 'tracking_pkg'
[0.333s] Level 1:colcon.colcon_core.package_discovery:discover_packages(recursive) using defaults
[0.334s] Level 1:colcon.colcon_core.package_discovery:discover_packages(ignore) discover
[0.334s] Level 1:colcon.colcon_core.package_discovery:discover_packages(ignore) using defaults
[0.334s] Level 1:colcon.colcon_core.package_discovery:discover_packages(path) discover
[0.334s] Level 1:colcon.colcon_core.package_discovery:discover_packages(path) using defaults
[0.381s] Level 1:colcon.colcon_core.package_discovery:discover_packages(prefix_path) check parameters
[0.381s] Level 1:colcon.colcon_core.package_discovery:discover_packages(prefix_path) discover
[0.386s] DEBUG:colcon.colcon_installed_package_information.package_discovery:Found 2 installed packages in /home/daniel/ur3e_hand_tracking_ros/install
[0.387s] DEBUG:colcon.colcon_installed_package_information.package_discovery:Found 2 installed packages in /home/daniel/ur3e_hand_tracking/install
[0.390s] DEBUG:colcon.colcon_installed_package_information.package_discovery:Found 358 installed packages in /opt/ros/humble
[0.395s] Level 1:colcon.colcon_core.package_discovery:discover_packages(prefix_path) using defaults
[0.488s] Level 5:colcon.colcon_core.verb:set package 'tracking_pkg' build argument 'cmake_args' from command line to 'None'
[0.489s] Level 5:colcon.colcon_core.verb:set package 'tracking_pkg' build argument 'cmake_target' from command line to 'None'
[0.489s] Level 5:colcon.colcon_core.verb:set package 'tracking_pkg' build argument 'cmake_target_skip_unavailable' from command line to 'False'
[0.489s] Level 5:colcon.colcon_core.verb:set package 'tracking_pkg' build argument 'cmake_clean_cache' from command line to 'False'
[0.489s] Level 5:colcon.colcon_core.verb:set package 'tracking_pkg' build argument 'cmake_clean_first' from command line to 'False'
[0.489s] Level 5:colcon.colcon_core.verb:set package 'tracking_pkg' build argument 'cmake_force_configure' from command line to 'False'
[0.489s] Level 5:colcon.colcon_core.verb:set package 'tracking_pkg' build argument 'ament_cmake_args' from command line to 'None'
[0.489s] Level 5:colcon.colcon_core.verb:set package 'tracking_pkg' build argument 'catkin_cmake_args' from command line to 'None'
[0.489s] Level 5:colcon.colcon_core.verb:set package 'tracking_pkg' build argument 'catkin_skip_building_tests' from command line to 'False'
[0.489s] DEBUG:colcon.colcon_core.verb:Building package 'tracking_pkg' with the following arguments: {'ament_cmake_args': None, 'build_base': '/home/daniel/ur3e_hand_tracking_ros/build/tracking_pkg', 'catkin_cmake_args': None, 'catkin_skip_building_tests': False, 'cmake_args': None, 'cmake_clean_cache': False, 'cmake_clean_first': False, 'cmake_force_configure': False, 'cmake_target': None, 'cmake_target_skip_unavailable': False, 'install_base': '/home/daniel/ur3e_hand_tracking_ros/install/tracking_pkg', 'merge_install': False, 'path': '/home/daniel/ur3e_hand_tracking_ros/src/tracking_pkg', 'symlink_install': True, 'test_result_base': None}
[0.490s] Level 5:colcon.colcon_core.verb:set package 'ur_simulation_gazebo' build argument 'cmake_args' from command line to 'None'
[0.490s] Level 5:colcon.colcon_core.verb:set package 'ur_simulation_gazebo' build argument 'cmake_target' from command line to 'None'
[0.490s] Level 5:colcon.colcon_core.verb:set package 'ur_simulation_gazebo' build argument 'cmake_target_skip_unavailable' from command line to 'False'
[0.490s] Level 5:colcon.colcon_core.verb:set package 'ur_simulation_gazebo' build argument 'cmake_clean_cache' from command line to 'False'
[0.490s] Level 5:colcon.colcon_core.verb:set package 'ur_simulation_gazebo' build argument 'cmake_clean_first' from command line to 'False'
[0.490s] Level 5:colcon.colcon_core.verb:set package 'ur_simulation_gazebo' build argument 'cmake_force_configure' from command line to 'False'
[0.490s] Level 5:colcon.colcon_core.verb:set package 'ur_simulation_gazebo' build argument 'ament_cmake_args' from command line to 'None'
[0.490s] Level 5:colcon.colcon_core.verb:set package 'ur_simulation_gazebo' build argument 'catkin_cmake_args' from command line to 'None'
[0.490s] Level 5:colcon.colcon_core.verb:set package 'ur_simulation_gazebo' build argument 'catkin_skip_building_tests' from command line to 'False'
[0.490s] DEBUG:colcon.colcon_core.verb:Building package 'ur_simulation_gazebo' with the following arguments: {'ament_cmake_args': None, 'build_base': '/home/daniel/ur3e_hand_tracking_ros/build/ur_simulation_gazebo', 'catkin_cmake_args': None, 'catkin_skip_building_tests': False, 'cmake_args': None, 'cmake_clean_cache': False, 'cmake_clean_first': False, 'cmake_force_configure': False, 'cmake_target': None, 'cmake_target_skip_unavailable': False, 'install_base': '/home/daniel/ur3e_hand_tracking_ros/install/ur_simulation_gazebo', 'merge_install': False, 'path': '/home/daniel/ur3e_hand_tracking_ros/src/Universal_Robots_ROS2_Gazebo_Simulation/ur_simulation_gazebo', 'symlink_install': True, 'test_result_base': None}
[0.490s] INFO:colcon.colcon_core.executor:Executing jobs using 'parallel' executor
[0.492s] DEBUG:colcon.colcon_parallel_executor.executor.parallel:run_until_complete
[0.493s] INFO:colcon.colcon_ros.task.ament_cmake.build:Building ROS package in '/home/daniel/ur3e_hand_tracking_ros/src/tracking_pkg' with build type 'ament_cmake'
[0.493s] INFO:colcon.colcon_cmake.task.cmake.build:Building CMake package in '/home/daniel/ur3e_hand_tracking_ros/src/tracking_pkg'
[0.498s] INFO:colcon.colcon_core.plugin_system:Skipping extension 'colcon_core.shell.bat': Not used on non-Windows systems
[0.498s] INFO:colcon.colcon_core.shell:Skip shell extension 'powershell' for command environment: Not usable outside of PowerShell
[0.499s] DEBUG:colcon.colcon_core.shell:Skip shell extension 'dsv' for command environment
[0.512s] INFO:colcon.colcon_ros.task.ament_cmake.build:Building ROS package in '/home/daniel/ur3e_hand_tracking_ros/src/Universal_Robots_ROS2_Gazebo_Simulation/ur_simulation_gazebo' with build type 'ament_cmake'
[0.512s] INFO:colcon.colcon_cmake.task.cmake.build:Building CMake package in '/home/daniel/ur3e_hand_tracking_ros/src/Universal_Robots_ROS2_Gazebo_Simulation/ur_simulation_gazebo'
[0.513s] INFO:colcon.colcon_core.shell:Skip shell extension 'powershell' for command environment: Not usable outside of PowerShell
[0.513s] DEBUG:colcon.colcon_core.shell:Skip shell extension 'dsv' for command environment
[0.554s] DEBUG:colcon.colcon_core.event_handler.log_command:Invoking command in '/home/daniel/ur3e_hand_tracking_ros/build/tracking_pkg': CMAKE_PREFIX_PATH=${CMAKE_PREFIX_PATH}:/opt/ros/humble /usr/bin/cmake --build /home/daniel/ur3e_hand_tracking_ros/build/tracking_pkg -- -j8 -l8
[0.573s] DEBUG:colcon.colcon_core.event_handler.log_command:Invoking command in '/home/daniel/ur3e_hand_tracking_ros/build/ur_simulation_gazebo': CMAKE_PREFIX_PATH=${CMAKE_PREFIX_PATH}:/opt/ros/humble /usr/bin/cmake --build /home/daniel/ur3e_hand_tracking_ros/build/ur_simulation_gazebo -- -j8 -l8
[0.702s] DEBUG:colcon.colcon_core.event_handler.log_command:Invoked command in '/home/daniel/ur3e_hand_tracking_ros/build/ur_simulation_gazebo' returned '0': CMAKE_PREFIX_PATH=${CMAKE_PREFIX_PATH}:/opt/ros/humble /usr/bin/cmake --build /home/daniel/ur3e_hand_tracking_ros/build/ur_simulation_gazebo -- -j8 -l8
[0.743s] DEBUG:colcon.colcon_core.event_handler.log_command:Invoking command in '/home/daniel/ur3e_hand_tracking_ros/build/ur_simulation_gazebo': CMAKE_PREFIX_PATH=${CMAKE_PREFIX_PATH}:/opt/ros/humble /usr/bin/cmake --install /home/daniel/ur3e_hand_tracking_ros/build/ur_simulation_gazebo
[0.812s] Level 1:colcon.colcon_core.environment:create_environment_scripts_only(ur_simulation_gazebo)
[0.814s] DEBUG:colcon.colcon_core.event_handler.log_command:Invoked command in '/home/daniel/ur3e_hand_tracking_ros/build/ur_simulation_gazebo' returned '0': CMAKE_PREFIX_PATH=${CMAKE_PREFIX_PATH}:/opt/ros/humble /usr/bin/cmake --install /home/daniel/ur3e_hand_tracking_ros/build/ur_simulation_gazebo
[0.822s] Level 1:colcon.colcon_core.environment:checking '/home/daniel/ur3e_hand_tracking_ros/install/ur_simulation_gazebo' for CMake module files
[0.825s] Level 1:colcon.colcon_core.environment:checking '/home/daniel/ur3e_hand_tracking_ros/install/ur_simulation_gazebo' for CMake config files
[0.826s] Level 1:colcon.colcon_core.shell:create_environment_hook('ur_simulation_gazebo', 'cmake_prefix_path')
[0.827s] INFO:colcon.colcon_core.shell:Creating environment hook '/home/daniel/ur3e_hand_tracking_ros/install/ur_simulation_gazebo/share/ur_simulation_gazebo/hook/cmake_prefix_path.ps1'
[0.832s] INFO:colcon.colcon_core.shell:Creating environment descriptor '/home/daniel/ur3e_hand_tracking_ros/install/ur_simulation_gazebo/share/ur_simulation_gazebo/hook/cmake_prefix_path.dsv'
[0.834s] INFO:colcon.colcon_core.shell:Creating environment hook '/home/daniel/ur3e_hand_tracking_ros/install/ur_simulation_gazebo/share/ur_simulation_gazebo/hook/cmake_prefix_path.sh'
[0.838s] Level 1:colcon.colcon_core.environment:checking '/home/daniel/ur3e_hand_tracking_ros/install/ur_simulation_gazebo/bin'
[0.838s] Level 1:colcon.colcon_core.environment:checking '/home/daniel/ur3e_hand_tracking_ros/install/ur_simulation_gazebo/lib/pkgconfig/ur_simulation_gazebo.pc'
[0.839s] Level 1:colcon.colcon_core.environment:checking '/home/daniel/ur3e_hand_tracking_ros/install/ur_simulation_gazebo/lib/python3.10/site-packages'
[0.840s] Level 1:colcon.colcon_core.environment:checking '/home/daniel/ur3e_hand_tracking_ros/install/ur_simulation_gazebo/bin'
[0.841s] INFO:colcon.colcon_core.shell:Creating package script '/home/daniel/ur3e_hand_tracking_ros/install/ur_simulation_gazebo/share/ur_simulation_gazebo/package.ps1'
[0.845s] INFO:colcon.colcon_core.shell:Creating package descriptor '/home/daniel/ur3e_hand_tracking_ros/install/ur_simulation_gazebo/share/ur_simulation_gazebo/package.dsv'
[0.847s] INFO:colcon.colcon_core.shell:Creating package script '/home/daniel/ur3e_hand_tracking_ros/install/ur_simulation_gazebo/share/ur_simulation_gazebo/package.sh'
[0.850s] INFO:colcon.colcon_core.shell:Creating package script '/home/daniel/ur3e_hand_tracking_ros/install/ur_simulation_gazebo/share/ur_simulation_gazebo/package.bash'
[0.855s] INFO:colcon.colcon_core.shell:Creating package script '/home/daniel/ur3e_hand_tracking_ros/install/ur_simulation_gazebo/share/ur_simulation_gazebo/package.zsh'
[0.859s] Level 1:colcon.colcon_core.environment:create_file_with_runtime_dependencies(/home/daniel/ur3e_hand_tracking_ros/install/ur_simulation_gazebo/share/colcon-core/packages/ur_simulation_gazebo)
[0.866s] Level 1:colcon.colcon_core.environment:create_environment_scripts_only(ur_simulation_gazebo)
[0.868s] Level 1:colcon.colcon_core.environment:checking '/home/daniel/ur3e_hand_tracking_ros/install/ur_simulation_gazebo' for CMake module files
[0.870s] Level 1:colcon.colcon_core.environment:checking '/home/daniel/ur3e_hand_tracking_ros/install/ur_simulation_gazebo' for CMake config files
[0.872s] Level 1:colcon.colcon_core.shell:create_environment_hook('ur_simulation_gazebo', 'cmake_prefix_path')
[0.873s] INFO:colcon.colcon_core.shell:Creating environment hook '/home/daniel/ur3e_hand_tracking_ros/install/ur_simulation_gazebo/share/ur_simulation_gazebo/hook/cmake_prefix_path.ps1'
[0.878s] INFO:colcon.colcon_core.shell:Creating environment descriptor '/home/daniel/ur3e_hand_tracking_ros/install/ur_simulation_gazebo/share/ur_simulation_gazebo/hook/cmake_prefix_path.dsv'
[0.883s] INFO:colcon.colcon_core.shell:Creating environment hook '/home/daniel/ur3e_hand_tracking_ros/install/ur_simulation_gazebo/share/ur_simulation_gazebo/hook/cmake_prefix_path.sh'
[0.888s] Level 1:colcon.colcon_core.environment:checking '/home/daniel/ur3e_hand_tracking_ros/install/ur_simulation_gazebo/bin'
[0.889s] Level 1:colcon.colcon_core.environment:checking '/home/daniel/ur3e_hand_tracking_ros/install/ur_simulation_gazebo/lib/pkgconfig/ur_simulation_gazebo.pc'
[0.890s] Level 1:colcon.colcon_core.environment:checking '/home/daniel/ur3e_hand_tracking_ros/install/ur_simulation_gazebo/lib/python3.10/site-packages'
[0.891s] Level 1:colcon.colcon_core.environment:checking '/home/daniel/ur3e_hand_tracking_ros/install/ur_simulation_gazebo/bin'
[0.893s] INFO:colcon.colcon_core.shell:Creating package script '/home/daniel/ur3e_hand_tracking_ros/install/ur_simulation_gazebo/share/ur_simulation_gazebo/package.ps1'
[0.901s] INFO:colcon.colcon_core.shell:Creating package descriptor '/home/daniel/ur3e_hand_tracking_ros/install/ur_simulation_gazebo/share/ur_simulation_gazebo/package.dsv'
[0.909s] INFO:colcon.colcon_core.shell:Creating package script '/home/daniel/ur3e_hand_tracking_ros/install/ur_simulation_gazebo/share/ur_simulation_gazebo/package.sh'
[0.912s] INFO:colcon.colcon_core.shell:Creating package script '/home/daniel/ur3e_hand_tracking_ros/install/ur_simulation_gazebo/share/ur_simulation_gazebo/package.bash'
[0.917s] INFO:colcon.colcon_core.shell:Creating package script '/home/daniel/ur3e_hand_tracking_ros/install/ur_simulation_gazebo/share/ur_simulation_gazebo/package.zsh'
[0.921s] Level 1:colcon.colcon_core.environment:create_file_with_runtime_dependencies(/home/daniel/ur3e_hand_tracking_ros/install/ur_simulation_gazebo/share/colcon-core/packages/ur_simulation_gazebo)
[23.335s] DEBUG:colcon.colcon_core.event_handler.log_command:Invoked command in '/home/daniel/ur3e_hand_tracking_ros/build/tracking_pkg' returned '0': CMAKE_PREFIX_PATH=${CMAKE_PREFIX_PATH}:/opt/ros/humble /usr/bin/cmake --build /home/daniel/ur3e_hand_tracking_ros/build/tracking_pkg -- -j8 -l8
[23.341s] DEBUG:colcon.colcon_core.event_handler.log_command:Invoking command in '/home/daniel/ur3e_hand_tracking_ros/build/tracking_pkg': CMAKE_PREFIX_PATH=${CMAKE_PREFIX_PATH}:/opt/ros/humble /usr/bin/cmake --install /home/daniel/ur3e_hand_tracking_ros/build/tracking_pkg
[23.402s] Level 1:colcon.colcon_core.environment:create_environment_scripts_only(tracking_pkg)
[23.403s] Level 1:colcon.colcon_core.environment:checking '/home/daniel/ur3e_hand_tracking_ros/install/tracking_pkg' for CMake module files
[23.405s] DEBUG:colcon.colcon_core.event_handler.log_command:Invoked command in '/home/daniel/ur3e_hand_tracking_ros/build/tracking_pkg' returned '0': CMAKE_PREFIX_PATH=${CMAKE_PREFIX_PATH}:/opt/ros/humble /usr/bin/cmake --install /home/daniel/ur3e_hand_tracking_ros/build/tracking_pkg
[23.406s] Level 1:colcon.colcon_core.environment:checking '/home/daniel/ur3e_hand_tracking_ros/install/tracking_pkg' for CMake config files
[23.407s] Level 1:colcon.colcon_core.shell:create_environment_hook('tracking_pkg', 'cmake_prefix_path')
[23.407s] INFO:colcon.colcon_core.shell:Creating environment hook '/home/daniel/ur3e_hand_tracking_ros/install/tracking_pkg/share/tracking_pkg/hook/cmake_prefix_path.ps1'
[23.409s] INFO:colcon.colcon_core.shell:Creating environment descriptor '/home/daniel/ur3e_hand_tracking_ros/install/tracking_pkg/share/tracking_pkg/hook/cmake_prefix_path.dsv'
[23.410s] INFO:colcon.colcon_core.shell:Creating environment hook '/home/daniel/ur3e_hand_tracking_ros/install/tracking_pkg/share/tracking_pkg/hook/cmake_prefix_path.sh'
[23.411s] Level 1:colcon.colcon_core.environment:checking '/home/daniel/ur3e_hand_tracking_ros/install/tracking_pkg/lib'
[23.412s] Level 1:colcon.colcon_core.environment:checking '/home/daniel/ur3e_hand_tracking_ros/install/tracking_pkg/bin'
[23.412s] Level 1:colcon.colcon_core.environment:checking '/home/daniel/ur3e_hand_tracking_ros/install/tracking_pkg/lib/pkgconfig/tracking_pkg.pc'
[23.412s] Level 1:colcon.colcon_core.environment:checking '/home/daniel/ur3e_hand_tracking_ros/install/tracking_pkg/lib/python3.10/site-packages'
[23.413s] Level 1:colcon.colcon_core.environment:checking '/home/daniel/ur3e_hand_tracking_ros/install/tracking_pkg/bin'
[23.414s] INFO:colcon.colcon_core.shell:Creating package script '/home/daniel/ur3e_hand_tracking_ros/install/tracking_pkg/share/tracking_pkg/package.ps1'
[23.415s] INFO:colcon.colcon_core.shell:Creating package descriptor '/home/daniel/ur3e_hand_tracking_ros/install/tracking_pkg/share/tracking_pkg/package.dsv'
[23.417s] INFO:colcon.colcon_core.shell:Creating package script '/home/daniel/ur3e_hand_tracking_ros/install/tracking_pkg/share/tracking_pkg/package.sh'
[23.419s] INFO:colcon.colcon_core.shell:Creating package script '/home/daniel/ur3e_hand_tracking_ros/install/tracking_pkg/share/tracking_pkg/package.bash'
[23.420s] INFO:colcon.colcon_core.shell:Creating package script '/home/daniel/ur3e_hand_tracking_ros/install/tracking_pkg/share/tracking_pkg/package.zsh'
[23.421s] Level 1:colcon.colcon_core.environment:create_file_with_runtime_dependencies(/home/daniel/ur3e_hand_tracking_ros/install/tracking_pkg/share/colcon-core/packages/tracking_pkg)
[23.422s] Level 1:colcon.colcon_core.environment:create_environment_scripts_only(tracking_pkg)
[23.423s] Level 1:colcon.colcon_core.environment:checking '/home/daniel/ur3e_hand_tracking_ros/install/tracking_pkg' for CMake module files
[23.425s] Level 1:colcon.colcon_core.environment:checking '/home/daniel/ur3e_hand_tracking_ros/install/tracking_pkg' for CMake config files
[23.426s] Level 1:colcon.colcon_core.shell:create_environment_hook('tracking_pkg', 'cmake_prefix_path')
[23.427s] INFO:colcon.colcon_core.shell:Creating environment hook '/home/daniel/ur3e_hand_tracking_ros/install/tracking_pkg/share/tracking_pkg/hook/cmake_prefix_path.ps1'
[23.428s] INFO:colcon.colcon_core.shell:Creating environment descriptor '/home/daniel/ur3e_hand_tracking_ros/install/tracking_pkg/share/tracking_pkg/hook/cmake_prefix_path.dsv'
[23.428s] INFO:colcon.colcon_core.shell:Creating environment hook '/home/daniel/ur3e_hand_tracking_ros/install/tracking_pkg/share/tracking_pkg/hook/cmake_prefix_path.sh'
[23.430s] Level 1:colcon.colcon_core.environment:checking '/home/daniel/ur3e_hand_tracking_ros/install/tracking_pkg/lib'
[23.430s] Level 1:colcon.colcon_core.environment:checking '/home/daniel/ur3e_hand_tracking_ros/install/tracking_pkg/bin'
[23.430s] Level 1:colcon.colcon_core.environment:checking '/home/daniel/ur3e_hand_tracking_ros/install/tracking_pkg/lib/pkgconfig/tracking_pkg.pc'
[23.430s] Level 1:colcon.colcon_core.environment:checking '/home/daniel/ur3e_hand_tracking_ros/install/tracking_pkg/lib/python3.10/site-packages'
[23.431s] Level 1:colcon.colcon_core.environment:checking '/home/daniel/ur3e_hand_tracking_ros/install/tracking_pkg/bin'
[23.431s] INFO:colcon.colcon_core.shell:Creating package script '/home/daniel/ur3e_hand_tracking_ros/install/tracking_pkg/share/tracking_pkg/package.ps1'
[23.432s] INFO:colcon.colcon_core.shell:Creating package descriptor '/home/daniel/ur3e_hand_tracking_ros/install/tracking_pkg/share/tracking_pkg/package.dsv'
[23.433s] INFO:colcon.colcon_core.shell:Creating package script '/home/daniel/ur3e_hand_tracking_ros/install/tracking_pkg/share/tracking_pkg/package.sh'
[23.433s] INFO:colcon.colcon_core.shell:Creating package script '/home/daniel/ur3e_hand_tracking_ros/install/tracking_pkg/share/tracking_pkg/package.bash'
[23.434s] INFO:colcon.colcon_core.shell:Creating package script '/home/daniel/ur3e_hand_tracking_ros/install/tracking_pkg/share/tracking_pkg/package.zsh'
[23.435s] Level 1:colcon.colcon_core.environment:create_file_with_runtime_dependencies(/home/daniel/ur3e_hand_tracking_ros/install/tracking_pkg/share/colcon-core/packages/tracking_pkg)
[23.435s] DEBUG:colcon.colcon_parallel_executor.executor.parallel:closing loop
[23.436s] DEBUG:colcon.colcon_parallel_executor.executor.parallel:loop closed
[23.436s] DEBUG:colcon.colcon_parallel_executor.executor.parallel:run_until_complete finished with '0'
[23.436s] DEBUG:colcon.colcon_core.event_reactor:joining thread
[23.454s] INFO:colcon.colcon_core.plugin_system:Skipping extension 'colcon_notification.desktop_notification.terminal_notifier': Not used on non-Darwin systems
[23.454s] INFO:colcon.colcon_core.plugin_system:Skipping extension 'colcon_notification.desktop_notification.win32': Not used on non-Windows systems
[23.454s] INFO:colcon.colcon_notification.desktop_notification:Sending desktop notification using 'notify2'
[23.492s] DEBUG:colcon.colcon_core.event_reactor:joined thread
[23.494s] INFO:colcon.colcon_core.shell:Creating prefix script '/home/daniel/ur3e_hand_tracking_ros/install/local_setup.ps1'
[23.500s] INFO:colcon.colcon_core.shell:Creating prefix util module '/home/daniel/ur3e_hand_tracking_ros/install/_local_setup_util_ps1.py'
[23.511s] INFO:colcon.colcon_core.shell:Creating prefix chain script '/home/daniel/ur3e_hand_tracking_ros/install/setup.ps1'
[23.522s] INFO:colcon.colcon_core.shell:Creating prefix script '/home/daniel/ur3e_hand_tracking_ros/install/local_setup.sh'
[23.528s] INFO:colcon.colcon_core.shell:Creating prefix util module '/home/daniel/ur3e_hand_tracking_ros/install/_local_setup_util_sh.py'
[23.531s] INFO:colcon.colcon_core.shell:Creating prefix chain script '/home/daniel/ur3e_hand_tracking_ros/install/setup.sh'
[23.539s] INFO:colcon.colcon_core.shell:Creating prefix script '/home/daniel/ur3e_hand_tracking_ros/install/local_setup.bash'
[23.542s] INFO:colcon.colcon_core.shell:Creating prefix chain script '/home/daniel/ur3e_hand_tracking_ros/install/setup.bash'
[23.550s] INFO:colcon.colcon_core.shell:Creating prefix script '/home/daniel/ur3e_hand_tracking_ros/install/local_setup.zsh'
[23.555s] INFO:colcon.colcon_core.shell:Creating prefix chain script '/home/daniel/ur3e_hand_tracking_ros/install/setup.zsh'
