[0.059s] Invoking command in '/home/daniel/ur3e_hand_tracking_ros/build/tracking_pkg': CMAKE_PREFIX_PATH=${CMAKE_PREFIX_PATH}:/opt/ros/humble /usr/bin/cmake --build /home/daniel/ur3e_hand_tracking_ros/build/tracking_pkg -- -j8 -l8
[0.198s] -- Found ament_cmake: 1.3.10 (/opt/ros/humble/share/ament_cmake/cmake)
[0.716s] -- Override CMake install command with custom implementation using symlinks instead of copying resources
[0.736s] -- Found rclcpp: 16.0.10 (/opt/ros/humble/share/rclcpp/cmake)
[0.822s] -- Found rosidl_generator_c: 3.1.5 (/opt/ros/humble/share/rosidl_generator_c/cmake)
[0.827s] -- Found rosidl_adapter: 3.1.5 (/opt/ros/humble/share/rosidl_adapter/cmake)
[0.839s] -- Found rosidl_generator_cpp: 3.1.5 (/opt/ros/humble/share/rosidl_generator_cpp/cmake)
[0.859s] -- Using all available rosidl_typesupport_c: rosidl_typesupport_fastrtps_c;rosidl_typesupport_introspection_c
[0.882s] -- Using all available rosidl_typesupport_cpp: rosidl_typesupport_fastrtps_cpp;rosidl_typesupport_introspection_cpp
[1.012s] -- Found rmw_implementation_cmake: 6.1.2 (/opt/ros/humble/share/rmw_implementation_cmake/cmake)
[1.019s] -- Found rmw_cyclonedds_cpp: 1.3.4 (/opt/ros/humble/share/rmw_cyclonedds_cpp/cmake)
[1.108s] -- Using RMW implementation 'rmw_cyclonedds_cpp' as default
[1.201s] -- Found geometry_msgs: 4.2.4 (/opt/ros/humble/share/geometry_msgs/cmake)
[1.228s] -- Found moveit_ros_planning_interface: 2.5.6 (/opt/ros/humble/share/moveit_ros_planning_interface/cmake)
[1.254s] -- Found Boost: /usr/lib/x86_64-linux-gnu/cmake/Boost-1.74.0/BoostConfig.cmake (found version "1.74.0") found components: date_time filesystem program_options system thread 
[1.575s] -- Found Boost: /usr/lib/x86_64-linux-gnu/cmake/Boost-1.74.0/BoostConfig.cmake (found version "1.74.0") found components: chrono date_time filesystem iostreams program_options regex serialization system thread 
[1.624s] -- Found parameter_traits: 0.3.9 (/opt/ros/humble/share/parameter_traits/cmake)
[1.644s] -- Found rclcpp_lifecycle: 16.0.10 (/opt/ros/humble/share/rclcpp_lifecycle/cmake)
[1.686s] -- Found Boost: /usr/lib/x86_64-linux-gnu/cmake/Boost-1.74.0/BoostConfig.cmake (found version "1.74.0") found components: filesystem 
[1.742s] -- library: /usr/lib/x86_64-linux-gnu/libcurl.so
[1.796s] -- Ensuring Eigen3 include directory is part of orocos-kdl CMake target
[2.010s] -- Found Boost: /usr/lib/x86_64-linux-gnu/cmake/Boost-1.74.0/BoostConfig.cmake (found version "1.74.0") found components: system filesystem date_time program_options thread chrono 
[2.064s] -- Found Boost: /usr/lib/x86_64-linux-gnu/cmake/Boost-1.74.0/BoostConfig.cmake (found version "1.74.0") found components: thread system filesystem regex date_time program_options 
[2.106s] -- Found Boost: /usr/lib/x86_64-linux-gnu/cmake/Boost-1.74.0/BoostConfig.cmake (found version "1.74.0") found components: system filesystem date_time program_options thread 
[2.154s] -- Found ament_lint_auto: 0.12.11 (/opt/ros/humble/share/ament_lint_auto/cmake)
[2.280s] -- Added test 'cppcheck' to perform static code analysis on C / C++ code
[2.281s] -- Configured cppcheck include dirs: 
[2.281s] -- Configured cppcheck exclude dirs and/or files: 
[2.283s] -- Added test 'flake8' to check Python code syntax and style conventions
[2.285s] -- Added test 'lint_cmake' to check CMake code style
[2.286s] -- Added test 'pep257' to check Python code against some of the docstring style conventions in PEP 257
[2.291s] -- Added test 'uncrustify' to check C / C++ code style
[2.292s] -- Configured uncrustify additional arguments: 
[2.293s] -- Added test 'xmllint' to check XML markup files
[2.296s] -- Configuring done
[2.357s] -- Generating done
[2.377s] -- Build files have been written to: /home/daniel/ur3e_hand_tracking_ros/build/tracking_pkg
[2.434s] [35m[1mConsolidate compiler generated dependencies of target moveit_mover[0m
[2.485s] [ 50%] [32mBuilding CXX object CMakeFiles/moveit_mover.dir/src/moveit_mover/moveit_mover.cpp.o[0m
[23.708s] [100%] [32m[1mLinking CXX executable moveit_mover[0m
[25.164s] [100%] Built target moveit_mover
[25.205s] Invoked command in '/home/daniel/ur3e_hand_tracking_ros/build/tracking_pkg' returned '0': CMAKE_PREFIX_PATH=${CMAKE_PREFIX_PATH}:/opt/ros/humble /usr/bin/cmake --build /home/daniel/ur3e_hand_tracking_ros/build/tracking_pkg -- -j8 -l8
[25.210s] Invoking command in '/home/daniel/ur3e_hand_tracking_ros/build/tracking_pkg': CMAKE_PREFIX_PATH=${CMAKE_PREFIX_PATH}:/opt/ros/humble /usr/bin/cmake --install /home/daniel/ur3e_hand_tracking_ros/build/tracking_pkg
[25.230s] -- Install configuration: ""
[25.233s] -- Execute custom install script
[25.234s] -- Up-to-date symlink: /home/daniel/ur3e_hand_tracking_ros/install/tracking_pkg/lib/tracking_pkg/hand_tracker.py
[25.234s] -- Up-to-date symlink: /home/daniel/ur3e_hand_tracking_ros/install/tracking_pkg/lib/tracking_pkg/camera_publisher.py
[25.235s] -- Up-to-date symlink: /home/daniel/ur3e_hand_tracking_ros/install/tracking_pkg/lib/tracking_pkg/frame_publisher.py
[25.235s] -- Up-to-date symlink: /home/daniel/ur3e_hand_tracking_ros/install/tracking_pkg/lib/tracking_pkg/hand_pose_visualization_publisher.py
[25.236s] -- Up-to-date symlink: /home/daniel/ur3e_hand_tracking_ros/install/tracking_pkg/lib/tracking_pkg/box_publisher.py
[25.236s] -- Up-to-date symlink: /home/daniel/ur3e_hand_tracking_ros/install/tracking_pkg/lib/tracking_pkg/socket_mover.py
[25.237s] [31mCMake Error at ament_cmake_symlink_install/ament_cmake_symlink_install.cmake:204 (message):
[25.237s]   ament_cmake_symlink_install_programs() can't find
[25.238s]   '/home/daniel/ur3e_hand_tracking_ros/src/tracking_pkg/src/movit_mover/sgripper_mover.py'
[25.238s] Call Stack (most recent call first):
[25.238s]   ament_cmake_symlink_install/ament_cmake_symlink_install.cmake:314 (ament_cmake_symlink_install_programs)
[25.239s]   cmake_install.cmake:46 (include)
[25.239s] 
[25.239s] [0m
[25.246s] Invoked command in '/home/daniel/ur3e_hand_tracking_ros/build/tracking_pkg' returned '1': CMAKE_PREFIX_PATH=${CMAKE_PREFIX_PATH}:/opt/ros/humble /usr/bin/cmake --install /home/daniel/ur3e_hand_tracking_ros/build/tracking_pkg
