[0.055s] Invoking command in '/home/daniel/ur3e_hand_tracking_ros/build/ur_simulation_gazebo': CMAKE_PREFIX_PATH=${CMAKE_PREFIX_PATH}:/opt/ros/humble /usr/bin/cmake --build /home/daniel/ur3e_hand_tracking_ros/build/ur_simulation_gazebo -- -j8 -l8
[0.159s] Invoked command in '/home/daniel/ur3e_hand_tracking_ros/build/ur_simulation_gazebo' returned '0': CMAKE_PREFIX_PATH=${CMAKE_PREFIX_PATH}:/opt/ros/humble /usr/bin/cmake --build /home/daniel/ur3e_hand_tracking_ros/build/ur_simulation_gazebo -- -j8 -l8
[0.177s] Invoking command in '/home/daniel/ur3e_hand_tracking_ros/build/ur_simulation_gazebo': CMAKE_PREFIX_PATH=${CMAKE_PREFIX_PATH}:/opt/ros/humble /usr/bin/cmake --install /home/daniel/ur3e_hand_tracking_ros/build/ur_simulation_gazebo
[0.192s] -- Install configuration: ""
[0.193s] -- Execute custom install script
[0.194s] -- Up-to-date symlink: /home/daniel/ur3e_hand_tracking_ros/install/ur_simulation_gazebo/share/ur_simulation_gazebo/config/ur_controllers.yaml
[0.195s] -- Up-to-date symlink: /home/daniel/ur3e_hand_tracking_ros/install/ur_simulation_gazebo/share/ur_simulation_gazebo/launch/ur_sim_control.launch.py
[0.196s] -- Up-to-date symlink: /home/daniel/ur3e_hand_tracking_ros/install/ur_simulation_gazebo/share/ur_simulation_gazebo/launch/ur_sim_moveit.launch.py
[0.196s] -- Up-to-date symlink: /home/daniel/ur3e_hand_tracking_ros/install/ur_simulation_gazebo/share/ament_index/resource_index/package_run_dependencies/ur_simulation_gazebo
[0.197s] -- Up-to-date symlink: /home/daniel/ur3e_hand_tracking_ros/install/ur_simulation_gazebo/share/ament_index/resource_index/parent_prefix_path/ur_simulation_gazebo
[0.197s] -- Up-to-date symlink: /home/daniel/ur3e_hand_tracking_ros/install/ur_simulation_gazebo/share/ur_simulation_gazebo/environment/ament_prefix_path.sh
[0.198s] -- Up-to-date symlink: /home/daniel/ur3e_hand_tracking_ros/install/ur_simulation_gazebo/share/ur_simulation_gazebo/environment/ament_prefix_path.dsv
[0.198s] -- Up-to-date symlink: /home/daniel/ur3e_hand_tracking_ros/install/ur_simulation_gazebo/share/ur_simulation_gazebo/environment/path.sh
[0.199s] -- Up-to-date symlink: /home/daniel/ur3e_hand_tracking_ros/install/ur_simulation_gazebo/share/ur_simulation_gazebo/environment/path.dsv
[0.199s] -- Up-to-date symlink: /home/daniel/ur3e_hand_tracking_ros/install/ur_simulation_gazebo/share/ur_simulation_gazebo/local_setup.bash
[0.200s] -- Up-to-date symlink: /home/daniel/ur3e_hand_tracking_ros/install/ur_simulation_gazebo/share/ur_simulation_gazebo/local_setup.sh
[0.200s] -- Up-to-date symlink: /home/daniel/ur3e_hand_tracking_ros/install/ur_simulation_gazebo/share/ur_simulation_gazebo/local_setup.zsh
[0.201s] -- Up-to-date symlink: /home/daniel/ur3e_hand_tracking_ros/install/ur_simulation_gazebo/share/ur_simulation_gazebo/local_setup.dsv
[0.201s] -- Symlinking: /home/daniel/ur3e_hand_tracking_ros/install/ur_simulation_gazebo/share/ur_simulation_gazebo/package.dsv
[0.223s] -- Up-to-date symlink: /home/daniel/ur3e_hand_tracking_ros/install/ur_simulation_gazebo/share/ament_index/resource_index/packages/ur_simulation_gazebo
[0.223s] -- Up-to-date symlink: /home/daniel/ur3e_hand_tracking_ros/install/ur_simulation_gazebo/share/ur_simulation_gazebo/cmake/ur_simulation_gazeboConfig.cmake
[0.224s] -- Up-to-date symlink: /home/daniel/ur3e_hand_tracking_ros/install/ur_simulation_gazebo/share/ur_simulation_gazebo/cmake/ur_simulation_gazeboConfig-version.cmake
[0.224s] -- Up-to-date symlink: /home/daniel/ur3e_hand_tracking_ros/install/ur_simulation_gazebo/share/ur_simulation_gazebo/package.xml
[0.229s] Invoked command in '/home/daniel/ur3e_hand_tracking_ros/build/ur_simulation_gazebo' returned '0': CMAKE_PREFIX_PATH=${CMAKE_PREFIX_PATH}:/opt/ros/humble /usr/bin/cmake --install /home/daniel/ur3e_hand_tracking_ros/build/ur_simulation_gazebo
