[0.158s] Invoking command in '/home/daniel/ur3e_hand_tracking_ros/build/tracking_pkg': CMAKE_PREFIX_PATH=${CMAKE_PREFIX_PATH}:/opt/ros/humble /usr/bin/cmake --build /home/daniel/ur3e_hand_tracking_ros/build/tracking_pkg -- -j8 -l8
[0.461s] [35m[1mConsolidate compiler generated dependencies of target moveit_mover[0m
[0.600s] [100%] Built target moveit_mover
[0.647s] Invoked command in '/home/daniel/ur3e_hand_tracking_ros/build/tracking_pkg' returned '0': CMAKE_PREFIX_PATH=${CMAKE_PREFIX_PATH}:/opt/ros/humble /usr/bin/cmake --build /home/daniel/ur3e_hand_tracking_ros/build/tracking_pkg -- -j8 -l8
[0.665s] Invoking command in '/home/daniel/ur3e_hand_tracking_ros/build/tracking_pkg': CMAKE_PREFIX_PATH=${CMAKE_PREFIX_PATH}:/opt/ros/humble /usr/bin/cmake --install /home/daniel/ur3e_hand_tracking_ros/build/tracking_pkg
[0.749s] -- Install configuration: ""
[0.765s] -- Execute custom install script
[0.765s] -- Up-to-date symlink: /home/daniel/ur3e_hand_tracking_ros/install/tracking_pkg/lib/tracking_pkg/hand_tracker.py
[0.766s] -- Up-to-date symlink: /home/daniel/ur3e_hand_tracking_ros/install/tracking_pkg/lib/tracking_pkg/camera_publisher.py
[0.766s] -- Up-to-date symlink: /home/daniel/ur3e_hand_tracking_ros/install/tracking_pkg/lib/tracking_pkg/frame_publisher.py
[0.766s] -- Up-to-date symlink: /home/daniel/ur3e_hand_tracking_ros/install/tracking_pkg/lib/tracking_pkg/hand_pose_visualization_publisher.py
[0.767s] -- Up-to-date symlink: /home/daniel/ur3e_hand_tracking_ros/install/tracking_pkg/lib/tracking_pkg/box_publisher.py
[0.767s] -- Up-to-date symlink: /home/daniel/ur3e_hand_tracking_ros/install/tracking_pkg/lib/tracking_pkg/socket_mover.py
[0.767s] -- Up-to-date symlink: /home/daniel/ur3e_hand_tracking_ros/install/tracking_pkg/lib/tracking_pkg/gripper_mover.py
[0.778s] -- Up-to-date symlink: /home/daniel/ur3e_hand_tracking_ros/install/tracking_pkg/share/tracking_pkg/launch/moveit_launch.py
[0.780s] -- Up-to-date symlink: /home/daniel/ur3e_hand_tracking_ros/install/tracking_pkg/share/tracking_pkg/launch/web_socket_launch.py
[0.786s] -- Up-to-date symlink: /home/daniel/ur3e_hand_tracking_ros/install/tracking_pkg/lib/tracking_pkg/moveit_mover
[0.793s] -- Up-to-date symlink: /home/daniel/ur3e_hand_tracking_ros/install/tracking_pkg/share/ament_index/resource_index/package_run_dependencies/tracking_pkg
[0.793s] -- Up-to-date symlink: /home/daniel/ur3e_hand_tracking_ros/install/tracking_pkg/share/ament_index/resource_index/parent_prefix_path/tracking_pkg
[0.794s] -- Up-to-date symlink: /home/daniel/ur3e_hand_tracking_ros/install/tracking_pkg/share/tracking_pkg/environment/ament_prefix_path.sh
[0.801s] -- Up-to-date symlink: /home/daniel/ur3e_hand_tracking_ros/install/tracking_pkg/share/tracking_pkg/environment/ament_prefix_path.dsv
[0.814s] -- Up-to-date symlink: /home/daniel/ur3e_hand_tracking_ros/install/tracking_pkg/share/tracking_pkg/environment/path.sh
[0.819s] -- Up-to-date symlink: /home/daniel/ur3e_hand_tracking_ros/install/tracking_pkg/share/tracking_pkg/environment/path.dsv
[0.831s] -- Up-to-date symlink: /home/daniel/ur3e_hand_tracking_ros/install/tracking_pkg/share/tracking_pkg/local_setup.bash
[0.838s] -- Up-to-date symlink: /home/daniel/ur3e_hand_tracking_ros/install/tracking_pkg/share/tracking_pkg/local_setup.sh
[0.845s] -- Up-to-date symlink: /home/daniel/ur3e_hand_tracking_ros/install/tracking_pkg/share/tracking_pkg/local_setup.zsh
[0.851s] -- Up-to-date symlink: /home/daniel/ur3e_hand_tracking_ros/install/tracking_pkg/share/tracking_pkg/local_setup.dsv
[0.851s] -- Symlinking: /home/daniel/ur3e_hand_tracking_ros/install/tracking_pkg/share/tracking_pkg/package.dsv
[0.918s] -- Up-to-date symlink: /home/daniel/ur3e_hand_tracking_ros/install/tracking_pkg/share/ament_index/resource_index/packages/tracking_pkg
[0.925s] -- Up-to-date symlink: /home/daniel/ur3e_hand_tracking_ros/install/tracking_pkg/share/tracking_pkg/cmake/tracking_pkgConfig.cmake
[0.926s] -- Up-to-date symlink: /home/daniel/ur3e_hand_tracking_ros/install/tracking_pkg/share/tracking_pkg/cmake/tracking_pkgConfig-version.cmake
[0.929s] -- Up-to-date symlink: /home/daniel/ur3e_hand_tracking_ros/install/tracking_pkg/share/tracking_pkg/package.xml
[0.943s] Invoked command in '/home/daniel/ur3e_hand_tracking_ros/build/tracking_pkg' returned '0': CMAKE_PREFIX_PATH=${CMAKE_PREFIX_PATH}:/opt/ros/humble /usr/bin/cmake --install /home/daniel/ur3e_hand_tracking_ros/build/tracking_pkg
