[0.157s] DEBUG:colcon:Command line arguments: ['/usr/bin/colcon', 'build', '--symlink-install']
[0.157s] DEBUG:colcon:Parsed command line arguments: Namespace(log_base=None, log_level=None, verb_name='build', build_base='build', install_base='install', merge_install=False, symlink_install=True, test_result_base=None, continue_on_error=False, executor='parallel', parallel_workers=8, event_handlers=None, ignore_user_meta=False, metas=['./colcon.meta'], base_paths=['.'], packages_ignore=None, packages_ignore_regex=None, paths=None, packages_up_to=None, packages_up_to_regex=None, packages_above=None, packages_above_and_dependencies=None, packages_above_depth=None, packages_select_by_dep=None, packages_skip_by_dep=None, packages_skip_up_to=None, packages_select_build_failed=False, packages_skip_build_finished=False, packages_select_test_failures=False, packages_skip_test_passed=False, packages_select=None, packages_skip=None, packages_select_regex=None, packages_skip_regex=None, packages_start=None, packages_end=None, allow_overriding=[], cmake_args=None, cmake_target=None, cmake_target_skip_unavailable=False, cmake_clean_cache=False, cmake_clean_first=False, cmake_force_configure=False, ament_cmake_args=None, catkin_cmake_args=None, catkin_skip_building_tests=False, mixin_files=None, mixin=None, verb_parser=<colcon_mixin.mixin.mixin_argument.MixinArgumentDecorator object at 0x7d505d68c8b0>, verb_extension=<colcon_core.verb.build.BuildVerb object at 0x7d505d68c3d0>, main=<bound method BuildVerb.main of <colcon_core.verb.build.BuildVerb object at 0x7d505d68c3d0>>, mixin_verb=('build',))
[0.204s] Level 1:colcon.colcon_core.package_discovery:discover_packages(colcon_meta) check parameters
[0.205s] Level 1:colcon.colcon_core.package_discovery:discover_packages(recursive) check parameters
[0.205s] Level 1:colcon.colcon_core.package_discovery:discover_packages(ignore) check parameters
[0.205s] Level 1:colcon.colcon_core.package_discovery:discover_packages(path) check parameters
[0.205s] Level 1:colcon.colcon_core.package_discovery:discover_packages(colcon_meta) discover
[0.205s] Level 1:colcon.colcon_core.package_discovery:discover_packages(recursive) discover
[0.205s] INFO:colcon.colcon_core.package_discovery:Crawling recursively for packages in '/home/daniel/ur3e_hand_tracking_ros'
[0.205s] Level 1:colcon.colcon_core.package_identification:_identify(.) by extensions ['ignore', 'ignore_ament_install']
[0.205s] Level 1:colcon.colcon_core.package_identification:_identify(.) by extension 'ignore'
[0.205s] Level 1:colcon.colcon_core.package_identification:_identify(.) by extension 'ignore_ament_install'
[0.205s] Level 1:colcon.colcon_core.package_identification:_identify(.) by extensions ['colcon_pkg']
[0.205s] Level 1:colcon.colcon_core.package_identification:_identify(.) by extension 'colcon_pkg'
[0.205s] Level 1:colcon.colcon_core.package_identification:_identify(.) by extensions ['colcon_meta']
[0.205s] Level 1:colcon.colcon_core.package_identification:_identify(.) by extension 'colcon_meta'
[0.205s] Level 1:colcon.colcon_core.package_identification:_identify(.) by extensions ['ros']
[0.205s] Level 1:colcon.colcon_core.package_identification:_identify(.) by extension 'ros'
[0.224s] Level 1:colcon.colcon_core.package_identification:_identify(.) by extensions ['cmake', 'python']
[0.225s] Level 1:colcon.colcon_core.package_identification:_identify(.) by extension 'cmake'
[0.225s] Level 1:colcon.colcon_core.package_identification:_identify(.) by extension 'python'
[0.225s] Level 1:colcon.colcon_core.package_identification:_identify(.) by extensions ['python_setup_py']
[0.225s] Level 1:colcon.colcon_core.package_identification:_identify(.) by extension 'python_setup_py'
[0.225s] Level 1:colcon.colcon_core.package_identification:_identify(__pycache__) by extensions ['ignore', 'ignore_ament_install']
[0.225s] Level 1:colcon.colcon_core.package_identification:_identify(__pycache__) by extension 'ignore'
[0.225s] Level 1:colcon.colcon_core.package_identification:_identify(__pycache__) by extension 'ignore_ament_install'
[0.225s] Level 1:colcon.colcon_core.package_identification:_identify(__pycache__) by extensions ['colcon_pkg']
[0.225s] Level 1:colcon.colcon_core.package_identification:_identify(__pycache__) by extension 'colcon_pkg'
[0.225s] Level 1:colcon.colcon_core.package_identification:_identify(__pycache__) by extensions ['colcon_meta']
[0.225s] Level 1:colcon.colcon_core.package_identification:_identify(__pycache__) by extension 'colcon_meta'
[0.225s] Level 1:colcon.colcon_core.package_identification:_identify(__pycache__) by extensions ['ros']
[0.225s] Level 1:colcon.colcon_core.package_identification:_identify(__pycache__) by extension 'ros'
[0.225s] Level 1:colcon.colcon_core.package_identification:_identify(__pycache__) by extensions ['cmake', 'python']
[0.225s] Level 1:colcon.colcon_core.package_identification:_identify(__pycache__) by extension 'cmake'
[0.225s] Level 1:colcon.colcon_core.package_identification:_identify(__pycache__) by extension 'python'
[0.226s] Level 1:colcon.colcon_core.package_identification:_identify(__pycache__) by extensions ['python_setup_py']
[0.226s] Level 1:colcon.colcon_core.package_identification:_identify(__pycache__) by extension 'python_setup_py'
[0.226s] Level 1:colcon.colcon_core.package_identification:_identify(build) by extensions ['ignore', 'ignore_ament_install']
[0.226s] Level 1:colcon.colcon_core.package_identification:_identify(build) by extension 'ignore'
[0.226s] Level 1:colcon.colcon_core.package_identification:_identify(build) ignored
[0.226s] Level 1:colcon.colcon_core.package_identification:_identify(install) by extensions ['ignore', 'ignore_ament_install']
[0.226s] Level 1:colcon.colcon_core.package_identification:_identify(install) by extension 'ignore'
[0.226s] Level 1:colcon.colcon_core.package_identification:_identify(install) ignored
[0.226s] Level 1:colcon.colcon_core.package_identification:_identify(log) by extensions ['ignore', 'ignore_ament_install']
[0.226s] Level 1:colcon.colcon_core.package_identification:_identify(log) by extension 'ignore'
[0.226s] Level 1:colcon.colcon_core.package_identification:_identify(log) ignored
[0.227s] Level 1:colcon.colcon_core.package_identification:_identify(src) by extensions ['ignore', 'ignore_ament_install']
[0.227s] Level 1:colcon.colcon_core.package_identification:_identify(src) by extension 'ignore'
[0.227s] Level 1:colcon.colcon_core.package_identification:_identify(src) by extension 'ignore_ament_install'
[0.227s] Level 1:colcon.colcon_core.package_identification:_identify(src) by extensions ['colcon_pkg']
[0.227s] Level 1:colcon.colcon_core.package_identification:_identify(src) by extension 'colcon_pkg'
[0.227s] Level 1:colcon.colcon_core.package_identification:_identify(src) by extensions ['colcon_meta']
[0.227s] Level 1:colcon.colcon_core.package_identification:_identify(src) by extension 'colcon_meta'
[0.227s] Level 1:colcon.colcon_core.package_identification:_identify(src) by extensions ['ros']
[0.227s] Level 1:colcon.colcon_core.package_identification:_identify(src) by extension 'ros'
[0.227s] Level 1:colcon.colcon_core.package_identification:_identify(src) by extensions ['cmake', 'python']
[0.227s] Level 1:colcon.colcon_core.package_identification:_identify(src) by extension 'cmake'
[0.227s] Level 1:colcon.colcon_core.package_identification:_identify(src) by extension 'python'
[0.227s] Level 1:colcon.colcon_core.package_identification:_identify(src) by extensions ['python_setup_py']
[0.227s] Level 1:colcon.colcon_core.package_identification:_identify(src) by extension 'python_setup_py'
[0.227s] Level 1:colcon.colcon_core.package_identification:_identify(src/Universal_Robots_ROS2_Gazebo_Simulation) by extensions ['ignore', 'ignore_ament_install']
[0.228s] Level 1:colcon.colcon_core.package_identification:_identify(src/Universal_Robots_ROS2_Gazebo_Simulation) by extension 'ignore'
[0.228s] Level 1:colcon.colcon_core.package_identification:_identify(src/Universal_Robots_ROS2_Gazebo_Simulation) by extension 'ignore_ament_install'
[0.228s] Level 1:colcon.colcon_core.package_identification:_identify(src/Universal_Robots_ROS2_Gazebo_Simulation) by extensions ['colcon_pkg']
[0.228s] Level 1:colcon.colcon_core.package_identification:_identify(src/Universal_Robots_ROS2_Gazebo_Simulation) by extension 'colcon_pkg'
[0.228s] Level 1:colcon.colcon_core.package_identification:_identify(src/Universal_Robots_ROS2_Gazebo_Simulation) by extensions ['colcon_meta']
[0.228s] Level 1:colcon.colcon_core.package_identification:_identify(src/Universal_Robots_ROS2_Gazebo_Simulation) by extension 'colcon_meta'
[0.228s] Level 1:colcon.colcon_core.package_identification:_identify(src/Universal_Robots_ROS2_Gazebo_Simulation) by extensions ['ros']
[0.228s] Level 1:colcon.colcon_core.package_identification:_identify(src/Universal_Robots_ROS2_Gazebo_Simulation) by extension 'ros'
[0.228s] Level 1:colcon.colcon_core.package_identification:_identify(src/Universal_Robots_ROS2_Gazebo_Simulation) by extensions ['cmake', 'python']
[0.228s] Level 1:colcon.colcon_core.package_identification:_identify(src/Universal_Robots_ROS2_Gazebo_Simulation) by extension 'cmake'
[0.228s] Level 1:colcon.colcon_core.package_identification:_identify(src/Universal_Robots_ROS2_Gazebo_Simulation) by extension 'python'
[0.228s] Level 1:colcon.colcon_core.package_identification:_identify(src/Universal_Robots_ROS2_Gazebo_Simulation) by extensions ['python_setup_py']
[0.228s] Level 1:colcon.colcon_core.package_identification:_identify(src/Universal_Robots_ROS2_Gazebo_Simulation) by extension 'python_setup_py'
[0.228s] Level 1:colcon.colcon_core.package_identification:_identify(src/Universal_Robots_ROS2_Gazebo_Simulation/ur_simulation_gazebo) by extensions ['ignore', 'ignore_ament_install']
[0.229s] Level 1:colcon.colcon_core.package_identification:_identify(src/Universal_Robots_ROS2_Gazebo_Simulation/ur_simulation_gazebo) by extension 'ignore'
[0.229s] Level 1:colcon.colcon_core.package_identification:_identify(src/Universal_Robots_ROS2_Gazebo_Simulation/ur_simulation_gazebo) by extension 'ignore_ament_install'
[0.229s] Level 1:colcon.colcon_core.package_identification:_identify(src/Universal_Robots_ROS2_Gazebo_Simulation/ur_simulation_gazebo) by extensions ['colcon_pkg']
[0.229s] Level 1:colcon.colcon_core.package_identification:_identify(src/Universal_Robots_ROS2_Gazebo_Simulation/ur_simulation_gazebo) by extension 'colcon_pkg'
[0.229s] Level 1:colcon.colcon_core.package_identification:_identify(src/Universal_Robots_ROS2_Gazebo_Simulation/ur_simulation_gazebo) by extensions ['colcon_meta']
[0.229s] Level 1:colcon.colcon_core.package_identification:_identify(src/Universal_Robots_ROS2_Gazebo_Simulation/ur_simulation_gazebo) by extension 'colcon_meta'
[0.229s] Level 1:colcon.colcon_core.package_identification:_identify(src/Universal_Robots_ROS2_Gazebo_Simulation/ur_simulation_gazebo) by extensions ['ros']
[0.229s] Level 1:colcon.colcon_core.package_identification:_identify(src/Universal_Robots_ROS2_Gazebo_Simulation/ur_simulation_gazebo) by extension 'ros'
[0.233s] DEBUG:colcon.colcon_core.package_identification:Package 'src/Universal_Robots_ROS2_Gazebo_Simulation/ur_simulation_gazebo' with type 'ros.ament_cmake' and name 'ur_simulation_gazebo'
[0.233s] Level 1:colcon.colcon_core.package_identification:_identify(src/tracking_pkg) by extensions ['ignore', 'ignore_ament_install']
[0.233s] Level 1:colcon.colcon_core.package_identification:_identify(src/tracking_pkg) by extension 'ignore'
[0.233s] Level 1:colcon.colcon_core.package_identification:_identify(src/tracking_pkg) by extension 'ignore_ament_install'
[0.233s] Level 1:colcon.colcon_core.package_identification:_identify(src/tracking_pkg) by extensions ['colcon_pkg']
[0.233s] Level 1:colcon.colcon_core.package_identification:_identify(src/tracking_pkg) by extension 'colcon_pkg'
[0.233s] Level 1:colcon.colcon_core.package_identification:_identify(src/tracking_pkg) by extensions ['colcon_meta']
[0.233s] Level 1:colcon.colcon_core.package_identification:_identify(src/tracking_pkg) by extension 'colcon_meta'
[0.234s] Level 1:colcon.colcon_core.package_identification:_identify(src/tracking_pkg) by extensions ['ros']
[0.234s] Level 1:colcon.colcon_core.package_identification:_identify(src/tracking_pkg) by extension 'ros'
[0.235s] DEBUG:colcon.colcon_core.package_identification:Package 'src/tracking_pkg' with type 'ros.ament_cmake' and name 'tracking_pkg'
[0.235s] Level 1:colcon.colcon_core.package_discovery:discover_packages(recursive) using defaults
[0.235s] Level 1:colcon.colcon_core.package_discovery:discover_packages(ignore) discover
[0.235s] Level 1:colcon.colcon_core.package_discovery:discover_packages(ignore) using defaults
[0.235s] Level 1:colcon.colcon_core.package_discovery:discover_packages(path) discover
[0.235s] Level 1:colcon.colcon_core.package_discovery:discover_packages(path) using defaults
[0.263s] Level 1:colcon.colcon_core.package_discovery:discover_packages(prefix_path) check parameters
[0.263s] Level 1:colcon.colcon_core.package_discovery:discover_packages(prefix_path) discover
[0.265s] DEBUG:colcon.colcon_installed_package_information.package_discovery:Found 2 installed packages in /home/daniel/ur3e_hand_tracking_ros/install
[0.265s] DEBUG:colcon.colcon_installed_package_information.package_discovery:Found 2 installed packages in /home/daniel/ur3e_hand_tracking/install
[0.268s] DEBUG:colcon.colcon_installed_package_information.package_discovery:Found 358 installed packages in /opt/ros/humble
[0.270s] Level 1:colcon.colcon_core.package_discovery:discover_packages(prefix_path) using defaults
[0.325s] Level 5:colcon.colcon_core.verb:set package 'tracking_pkg' build argument 'cmake_args' from command line to 'None'
[0.325s] Level 5:colcon.colcon_core.verb:set package 'tracking_pkg' build argument 'cmake_target' from command line to 'None'
[0.325s] Level 5:colcon.colcon_core.verb:set package 'tracking_pkg' build argument 'cmake_target_skip_unavailable' from command line to 'False'
[0.325s] Level 5:colcon.colcon_core.verb:set package 'tracking_pkg' build argument 'cmake_clean_cache' from command line to 'False'
[0.325s] Level 5:colcon.colcon_core.verb:set package 'tracking_pkg' build argument 'cmake_clean_first' from command line to 'False'
[0.325s] Level 5:colcon.colcon_core.verb:set package 'tracking_pkg' build argument 'cmake_force_configure' from command line to 'False'
[0.325s] Level 5:colcon.colcon_core.verb:set package 'tracking_pkg' build argument 'ament_cmake_args' from command line to 'None'
[0.325s] Level 5:colcon.colcon_core.verb:set package 'tracking_pkg' build argument 'catkin_cmake_args' from command line to 'None'
[0.325s] Level 5:colcon.colcon_core.verb:set package 'tracking_pkg' build argument 'catkin_skip_building_tests' from command line to 'False'
[0.325s] DEBUG:colcon.colcon_core.verb:Building package 'tracking_pkg' with the following arguments: {'ament_cmake_args': None, 'build_base': '/home/daniel/ur3e_hand_tracking_ros/build/tracking_pkg', 'catkin_cmake_args': None, 'catkin_skip_building_tests': False, 'cmake_args': None, 'cmake_clean_cache': False, 'cmake_clean_first': False, 'cmake_force_configure': False, 'cmake_target': None, 'cmake_target_skip_unavailable': False, 'install_base': '/home/daniel/ur3e_hand_tracking_ros/install/tracking_pkg', 'merge_install': False, 'path': '/home/daniel/ur3e_hand_tracking_ros/src/tracking_pkg', 'symlink_install': True, 'test_result_base': None}
[0.325s] Level 5:colcon.colcon_core.verb:set package 'ur_simulation_gazebo' build argument 'cmake_args' from command line to 'None'
[0.325s] Level 5:colcon.colcon_core.verb:set package 'ur_simulation_gazebo' build argument 'cmake_target' from command line to 'None'
[0.325s] Level 5:colcon.colcon_core.verb:set package 'ur_simulation_gazebo' build argument 'cmake_target_skip_unavailable' from command line to 'False'
[0.325s] Level 5:colcon.colcon_core.verb:set package 'ur_simulation_gazebo' build argument 'cmake_clean_cache' from command line to 'False'
[0.326s] Level 5:colcon.colcon_core.verb:set package 'ur_simulation_gazebo' build argument 'cmake_clean_first' from command line to 'False'
[0.326s] Level 5:colcon.colcon_core.verb:set package 'ur_simulation_gazebo' build argument 'cmake_force_configure' from command line to 'False'
[0.326s] Level 5:colcon.colcon_core.verb:set package 'ur_simulation_gazebo' build argument 'ament_cmake_args' from command line to 'None'
[0.326s] Level 5:colcon.colcon_core.verb:set package 'ur_simulation_gazebo' build argument 'catkin_cmake_args' from command line to 'None'
[0.326s] Level 5:colcon.colcon_core.verb:set package 'ur_simulation_gazebo' build argument 'catkin_skip_building_tests' from command line to 'False'
[0.326s] DEBUG:colcon.colcon_core.verb:Building package 'ur_simulation_gazebo' with the following arguments: {'ament_cmake_args': None, 'build_base': '/home/daniel/ur3e_hand_tracking_ros/build/ur_simulation_gazebo', 'catkin_cmake_args': None, 'catkin_skip_building_tests': False, 'cmake_args': None, 'cmake_clean_cache': False, 'cmake_clean_first': False, 'cmake_force_configure': False, 'cmake_target': None, 'cmake_target_skip_unavailable': False, 'install_base': '/home/daniel/ur3e_hand_tracking_ros/install/ur_simulation_gazebo', 'merge_install': False, 'path': '/home/daniel/ur3e_hand_tracking_ros/src/Universal_Robots_ROS2_Gazebo_Simulation/ur_simulation_gazebo', 'symlink_install': True, 'test_result_base': None}
[0.326s] INFO:colcon.colcon_core.executor:Executing jobs using 'parallel' executor
[0.327s] DEBUG:colcon.colcon_parallel_executor.executor.parallel:run_until_complete
[0.327s] INFO:colcon.colcon_ros.task.ament_cmake.build:Building ROS package in '/home/daniel/ur3e_hand_tracking_ros/src/tracking_pkg' with build type 'ament_cmake'
[0.327s] INFO:colcon.colcon_cmake.task.cmake.build:Building CMake package in '/home/daniel/ur3e_hand_tracking_ros/src/tracking_pkg'
[0.330s] INFO:colcon.colcon_core.plugin_system:Skipping extension 'colcon_core.shell.bat': Not used on non-Windows systems
[0.331s] INFO:colcon.colcon_core.shell:Skip shell extension 'powershell' for command environment: Not usable outside of PowerShell
[0.331s] DEBUG:colcon.colcon_core.shell:Skip shell extension 'dsv' for command environment
[0.336s] INFO:colcon.colcon_ros.task.ament_cmake.build:Building ROS package in '/home/daniel/ur3e_hand_tracking_ros/src/Universal_Robots_ROS2_Gazebo_Simulation/ur_simulation_gazebo' with build type 'ament_cmake'
[0.337s] INFO:colcon.colcon_cmake.task.cmake.build:Building CMake package in '/home/daniel/ur3e_hand_tracking_ros/src/Universal_Robots_ROS2_Gazebo_Simulation/ur_simulation_gazebo'
[0.337s] INFO:colcon.colcon_core.shell:Skip shell extension 'powershell' for command environment: Not usable outside of PowerShell
[0.337s] DEBUG:colcon.colcon_core.shell:Skip shell extension 'dsv' for command environment
[0.358s] DEBUG:colcon.colcon_core.event_handler.log_command:Invoking command in '/home/daniel/ur3e_hand_tracking_ros/build/tracking_pkg': CMAKE_PREFIX_PATH=${CMAKE_PREFIX_PATH}:/opt/ros/humble /usr/bin/cmake --build /home/daniel/ur3e_hand_tracking_ros/build/tracking_pkg -- -j8 -l8
[0.371s] DEBUG:colcon.colcon_core.event_handler.log_command:Invoking command in '/home/daniel/ur3e_hand_tracking_ros/build/ur_simulation_gazebo': CMAKE_PREFIX_PATH=${CMAKE_PREFIX_PATH}:/opt/ros/humble /usr/bin/cmake --build /home/daniel/ur3e_hand_tracking_ros/build/ur_simulation_gazebo -- -j8 -l8
[0.477s] DEBUG:colcon.colcon_core.event_handler.log_command:Invoked command in '/home/daniel/ur3e_hand_tracking_ros/build/ur_simulation_gazebo' returned '0': CMAKE_PREFIX_PATH=${CMAKE_PREFIX_PATH}:/opt/ros/humble /usr/bin/cmake --build /home/daniel/ur3e_hand_tracking_ros/build/ur_simulation_gazebo -- -j8 -l8
[0.500s] DEBUG:colcon.colcon_core.event_handler.log_command:Invoking command in '/home/daniel/ur3e_hand_tracking_ros/build/ur_simulation_gazebo': CMAKE_PREFIX_PATH=${CMAKE_PREFIX_PATH}:/opt/ros/humble /usr/bin/cmake --install /home/daniel/ur3e_hand_tracking_ros/build/ur_simulation_gazebo
[0.570s] Level 1:colcon.colcon_core.environment:create_environment_scripts_only(ur_simulation_gazebo)
[0.572s] DEBUG:colcon.colcon_core.event_handler.log_command:Invoked command in '/home/daniel/ur3e_hand_tracking_ros/build/ur_simulation_gazebo' returned '0': CMAKE_PREFIX_PATH=${CMAKE_PREFIX_PATH}:/opt/ros/humble /usr/bin/cmake --install /home/daniel/ur3e_hand_tracking_ros/build/ur_simulation_gazebo
[0.578s] Level 1:colcon.colcon_core.environment:checking '/home/daniel/ur3e_hand_tracking_ros/install/ur_simulation_gazebo' for CMake module files
[0.581s] Level 1:colcon.colcon_core.environment:checking '/home/daniel/ur3e_hand_tracking_ros/install/ur_simulation_gazebo' for CMake config files
[0.582s] Level 1:colcon.colcon_core.shell:create_environment_hook('ur_simulation_gazebo', 'cmake_prefix_path')
[0.583s] INFO:colcon.colcon_core.shell:Creating environment hook '/home/daniel/ur3e_hand_tracking_ros/install/ur_simulation_gazebo/share/ur_simulation_gazebo/hook/cmake_prefix_path.ps1'
[0.584s] INFO:colcon.colcon_core.shell:Creating environment descriptor '/home/daniel/ur3e_hand_tracking_ros/install/ur_simulation_gazebo/share/ur_simulation_gazebo/hook/cmake_prefix_path.dsv'
[0.586s] INFO:colcon.colcon_core.shell:Creating environment hook '/home/daniel/ur3e_hand_tracking_ros/install/ur_simulation_gazebo/share/ur_simulation_gazebo/hook/cmake_prefix_path.sh'
[0.589s] Level 1:colcon.colcon_core.environment:checking '/home/daniel/ur3e_hand_tracking_ros/install/ur_simulation_gazebo/bin'
[0.589s] Level 1:colcon.colcon_core.environment:checking '/home/daniel/ur3e_hand_tracking_ros/install/ur_simulation_gazebo/lib/pkgconfig/ur_simulation_gazebo.pc'
[0.590s] Level 1:colcon.colcon_core.environment:checking '/home/daniel/ur3e_hand_tracking_ros/install/ur_simulation_gazebo/lib/python3.10/site-packages'
[0.591s] Level 1:colcon.colcon_core.environment:checking '/home/daniel/ur3e_hand_tracking_ros/install/ur_simulation_gazebo/bin'
[0.593s] INFO:colcon.colcon_core.shell:Creating package script '/home/daniel/ur3e_hand_tracking_ros/install/ur_simulation_gazebo/share/ur_simulation_gazebo/package.ps1'
[0.595s] INFO:colcon.colcon_core.shell:Creating package descriptor '/home/daniel/ur3e_hand_tracking_ros/install/ur_simulation_gazebo/share/ur_simulation_gazebo/package.dsv'
[0.597s] INFO:colcon.colcon_core.shell:Creating package script '/home/daniel/ur3e_hand_tracking_ros/install/ur_simulation_gazebo/share/ur_simulation_gazebo/package.sh'
[0.599s] INFO:colcon.colcon_core.shell:Creating package script '/home/daniel/ur3e_hand_tracking_ros/install/ur_simulation_gazebo/share/ur_simulation_gazebo/package.bash'
[0.601s] INFO:colcon.colcon_core.shell:Creating package script '/home/daniel/ur3e_hand_tracking_ros/install/ur_simulation_gazebo/share/ur_simulation_gazebo/package.zsh'
[0.604s] Level 1:colcon.colcon_core.environment:create_file_with_runtime_dependencies(/home/daniel/ur3e_hand_tracking_ros/install/ur_simulation_gazebo/share/colcon-core/packages/ur_simulation_gazebo)
[0.606s] Level 1:colcon.colcon_core.environment:create_environment_scripts_only(ur_simulation_gazebo)
[0.607s] Level 1:colcon.colcon_core.environment:checking '/home/daniel/ur3e_hand_tracking_ros/install/ur_simulation_gazebo' for CMake module files
[0.608s] Level 1:colcon.colcon_core.environment:checking '/home/daniel/ur3e_hand_tracking_ros/install/ur_simulation_gazebo' for CMake config files
[0.609s] Level 1:colcon.colcon_core.shell:create_environment_hook('ur_simulation_gazebo', 'cmake_prefix_path')
[0.609s] INFO:colcon.colcon_core.shell:Creating environment hook '/home/daniel/ur3e_hand_tracking_ros/install/ur_simulation_gazebo/share/ur_simulation_gazebo/hook/cmake_prefix_path.ps1'
[0.611s] INFO:colcon.colcon_core.shell:Creating environment descriptor '/home/daniel/ur3e_hand_tracking_ros/install/ur_simulation_gazebo/share/ur_simulation_gazebo/hook/cmake_prefix_path.dsv'
[0.612s] INFO:colcon.colcon_core.shell:Creating environment hook '/home/daniel/ur3e_hand_tracking_ros/install/ur_simulation_gazebo/share/ur_simulation_gazebo/hook/cmake_prefix_path.sh'
[0.613s] Level 1:colcon.colcon_core.environment:checking '/home/daniel/ur3e_hand_tracking_ros/install/ur_simulation_gazebo/bin'
[0.613s] Level 1:colcon.colcon_core.environment:checking '/home/daniel/ur3e_hand_tracking_ros/install/ur_simulation_gazebo/lib/pkgconfig/ur_simulation_gazebo.pc'
[0.614s] Level 1:colcon.colcon_core.environment:checking '/home/daniel/ur3e_hand_tracking_ros/install/ur_simulation_gazebo/lib/python3.10/site-packages'
[0.615s] Level 1:colcon.colcon_core.environment:checking '/home/daniel/ur3e_hand_tracking_ros/install/ur_simulation_gazebo/bin'
[0.616s] INFO:colcon.colcon_core.shell:Creating package script '/home/daniel/ur3e_hand_tracking_ros/install/ur_simulation_gazebo/share/ur_simulation_gazebo/package.ps1'
[0.617s] INFO:colcon.colcon_core.shell:Creating package descriptor '/home/daniel/ur3e_hand_tracking_ros/install/ur_simulation_gazebo/share/ur_simulation_gazebo/package.dsv'
[0.618s] INFO:colcon.colcon_core.shell:Creating package script '/home/daniel/ur3e_hand_tracking_ros/install/ur_simulation_gazebo/share/ur_simulation_gazebo/package.sh'
[0.619s] INFO:colcon.colcon_core.shell:Creating package script '/home/daniel/ur3e_hand_tracking_ros/install/ur_simulation_gazebo/share/ur_simulation_gazebo/package.bash'
[0.620s] INFO:colcon.colcon_core.shell:Creating package script '/home/daniel/ur3e_hand_tracking_ros/install/ur_simulation_gazebo/share/ur_simulation_gazebo/package.zsh'
[0.621s] Level 1:colcon.colcon_core.environment:create_file_with_runtime_dependencies(/home/daniel/ur3e_hand_tracking_ros/install/ur_simulation_gazebo/share/colcon-core/packages/ur_simulation_gazebo)
[21.334s] DEBUG:colcon.colcon_core.event_handler.log_command:Invoked command in '/home/daniel/ur3e_hand_tracking_ros/build/tracking_pkg' returned '0': CMAKE_PREFIX_PATH=${CMAKE_PREFIX_PATH}:/opt/ros/humble /usr/bin/cmake --build /home/daniel/ur3e_hand_tracking_ros/build/tracking_pkg -- -j8 -l8
[21.336s] DEBUG:colcon.colcon_core.event_handler.log_command:Invoking command in '/home/daniel/ur3e_hand_tracking_ros/build/tracking_pkg': CMAKE_PREFIX_PATH=${CMAKE_PREFIX_PATH}:/opt/ros/humble /usr/bin/cmake --install /home/daniel/ur3e_hand_tracking_ros/build/tracking_pkg
[21.384s] Level 1:colcon.colcon_core.environment:create_environment_scripts_only(tracking_pkg)
[21.385s] Level 1:colcon.colcon_core.environment:checking '/home/daniel/ur3e_hand_tracking_ros/install/tracking_pkg' for CMake module files
[21.387s] DEBUG:colcon.colcon_core.event_handler.log_command:Invoked command in '/home/daniel/ur3e_hand_tracking_ros/build/tracking_pkg' returned '0': CMAKE_PREFIX_PATH=${CMAKE_PREFIX_PATH}:/opt/ros/humble /usr/bin/cmake --install /home/daniel/ur3e_hand_tracking_ros/build/tracking_pkg
[21.388s] Level 1:colcon.colcon_core.environment:checking '/home/daniel/ur3e_hand_tracking_ros/install/tracking_pkg' for CMake config files
[21.389s] Level 1:colcon.colcon_core.shell:create_environment_hook('tracking_pkg', 'cmake_prefix_path')
[21.389s] INFO:colcon.colcon_core.shell:Creating environment hook '/home/daniel/ur3e_hand_tracking_ros/install/tracking_pkg/share/tracking_pkg/hook/cmake_prefix_path.ps1'
[21.390s] INFO:colcon.colcon_core.shell:Creating environment descriptor '/home/daniel/ur3e_hand_tracking_ros/install/tracking_pkg/share/tracking_pkg/hook/cmake_prefix_path.dsv'
[21.391s] INFO:colcon.colcon_core.shell:Creating environment hook '/home/daniel/ur3e_hand_tracking_ros/install/tracking_pkg/share/tracking_pkg/hook/cmake_prefix_path.sh'
[21.392s] Level 1:colcon.colcon_core.environment:checking '/home/daniel/ur3e_hand_tracking_ros/install/tracking_pkg/lib'
[21.393s] Level 1:colcon.colcon_core.environment:checking '/home/daniel/ur3e_hand_tracking_ros/install/tracking_pkg/bin'
[21.393s] Level 1:colcon.colcon_core.environment:checking '/home/daniel/ur3e_hand_tracking_ros/install/tracking_pkg/lib/pkgconfig/tracking_pkg.pc'
[21.393s] Level 1:colcon.colcon_core.environment:checking '/home/daniel/ur3e_hand_tracking_ros/install/tracking_pkg/lib/python3.10/site-packages'
[21.394s] Level 1:colcon.colcon_core.environment:checking '/home/daniel/ur3e_hand_tracking_ros/install/tracking_pkg/bin'
[21.395s] INFO:colcon.colcon_core.shell:Creating package script '/home/daniel/ur3e_hand_tracking_ros/install/tracking_pkg/share/tracking_pkg/package.ps1'
[21.396s] INFO:colcon.colcon_core.shell:Creating package descriptor '/home/daniel/ur3e_hand_tracking_ros/install/tracking_pkg/share/tracking_pkg/package.dsv'
[21.396s] INFO:colcon.colcon_core.shell:Creating package script '/home/daniel/ur3e_hand_tracking_ros/install/tracking_pkg/share/tracking_pkg/package.sh'
[21.397s] INFO:colcon.colcon_core.shell:Creating package script '/home/daniel/ur3e_hand_tracking_ros/install/tracking_pkg/share/tracking_pkg/package.bash'
[21.398s] INFO:colcon.colcon_core.shell:Creating package script '/home/daniel/ur3e_hand_tracking_ros/install/tracking_pkg/share/tracking_pkg/package.zsh'
[21.398s] Level 1:colcon.colcon_core.environment:create_file_with_runtime_dependencies(/home/daniel/ur3e_hand_tracking_ros/install/tracking_pkg/share/colcon-core/packages/tracking_pkg)
[21.399s] Level 1:colcon.colcon_core.environment:create_environment_scripts_only(tracking_pkg)
[21.400s] Level 1:colcon.colcon_core.environment:checking '/home/daniel/ur3e_hand_tracking_ros/install/tracking_pkg' for CMake module files
[21.401s] Level 1:colcon.colcon_core.environment:checking '/home/daniel/ur3e_hand_tracking_ros/install/tracking_pkg' for CMake config files
[21.401s] Level 1:colcon.colcon_core.shell:create_environment_hook('tracking_pkg', 'cmake_prefix_path')
[21.402s] INFO:colcon.colcon_core.shell:Creating environment hook '/home/daniel/ur3e_hand_tracking_ros/install/tracking_pkg/share/tracking_pkg/hook/cmake_prefix_path.ps1'
[21.402s] INFO:colcon.colcon_core.shell:Creating environment descriptor '/home/daniel/ur3e_hand_tracking_ros/install/tracking_pkg/share/tracking_pkg/hook/cmake_prefix_path.dsv'
[21.403s] INFO:colcon.colcon_core.shell:Creating environment hook '/home/daniel/ur3e_hand_tracking_ros/install/tracking_pkg/share/tracking_pkg/hook/cmake_prefix_path.sh'
[21.404s] Level 1:colcon.colcon_core.environment:checking '/home/daniel/ur3e_hand_tracking_ros/install/tracking_pkg/lib'
[21.404s] Level 1:colcon.colcon_core.environment:checking '/home/daniel/ur3e_hand_tracking_ros/install/tracking_pkg/bin'
[21.404s] Level 1:colcon.colcon_core.environment:checking '/home/daniel/ur3e_hand_tracking_ros/install/tracking_pkg/lib/pkgconfig/tracking_pkg.pc'
[21.405s] Level 1:colcon.colcon_core.environment:checking '/home/daniel/ur3e_hand_tracking_ros/install/tracking_pkg/lib/python3.10/site-packages'
[21.406s] Level 1:colcon.colcon_core.environment:checking '/home/daniel/ur3e_hand_tracking_ros/install/tracking_pkg/bin'
[21.407s] INFO:colcon.colcon_core.shell:Creating package script '/home/daniel/ur3e_hand_tracking_ros/install/tracking_pkg/share/tracking_pkg/package.ps1'
[21.409s] INFO:colcon.colcon_core.shell:Creating package descriptor '/home/daniel/ur3e_hand_tracking_ros/install/tracking_pkg/share/tracking_pkg/package.dsv'
[21.411s] INFO:colcon.colcon_core.shell:Creating package script '/home/daniel/ur3e_hand_tracking_ros/install/tracking_pkg/share/tracking_pkg/package.sh'
[21.413s] INFO:colcon.colcon_core.shell:Creating package script '/home/daniel/ur3e_hand_tracking_ros/install/tracking_pkg/share/tracking_pkg/package.bash'
[21.414s] INFO:colcon.colcon_core.shell:Creating package script '/home/daniel/ur3e_hand_tracking_ros/install/tracking_pkg/share/tracking_pkg/package.zsh'
[21.415s] Level 1:colcon.colcon_core.environment:create_file_with_runtime_dependencies(/home/daniel/ur3e_hand_tracking_ros/install/tracking_pkg/share/colcon-core/packages/tracking_pkg)
[21.416s] DEBUG:colcon.colcon_parallel_executor.executor.parallel:closing loop
[21.417s] DEBUG:colcon.colcon_parallel_executor.executor.parallel:loop closed
[21.417s] DEBUG:colcon.colcon_parallel_executor.executor.parallel:run_until_complete finished with '0'
[21.417s] DEBUG:colcon.colcon_core.event_reactor:joining thread
[21.432s] INFO:colcon.colcon_core.plugin_system:Skipping extension 'colcon_notification.desktop_notification.terminal_notifier': Not used on non-Darwin systems
[21.433s] INFO:colcon.colcon_core.plugin_system:Skipping extension 'colcon_notification.desktop_notification.win32': Not used on non-Windows systems
[21.433s] INFO:colcon.colcon_notification.desktop_notification:Sending desktop notification using 'notify2'
[21.455s] DEBUG:colcon.colcon_core.event_reactor:joined thread
[21.456s] INFO:colcon.colcon_core.shell:Creating prefix script '/home/daniel/ur3e_hand_tracking_ros/install/local_setup.ps1'
[21.459s] INFO:colcon.colcon_core.shell:Creating prefix util module '/home/daniel/ur3e_hand_tracking_ros/install/_local_setup_util_ps1.py'
[21.466s] INFO:colcon.colcon_core.shell:Creating prefix chain script '/home/daniel/ur3e_hand_tracking_ros/install/setup.ps1'
[21.470s] INFO:colcon.colcon_core.shell:Creating prefix script '/home/daniel/ur3e_hand_tracking_ros/install/local_setup.sh'
[21.473s] INFO:colcon.colcon_core.shell:Creating prefix util module '/home/daniel/ur3e_hand_tracking_ros/install/_local_setup_util_sh.py'
[21.476s] INFO:colcon.colcon_core.shell:Creating prefix chain script '/home/daniel/ur3e_hand_tracking_ros/install/setup.sh'
[21.480s] INFO:colcon.colcon_core.shell:Creating prefix script '/home/daniel/ur3e_hand_tracking_ros/install/local_setup.bash'
[21.483s] INFO:colcon.colcon_core.shell:Creating prefix chain script '/home/daniel/ur3e_hand_tracking_ros/install/setup.bash'
[21.487s] INFO:colcon.colcon_core.shell:Creating prefix script '/home/daniel/ur3e_hand_tracking_ros/install/local_setup.zsh'
[21.488s] INFO:colcon.colcon_core.shell:Creating prefix chain script '/home/daniel/ur3e_hand_tracking_ros/install/setup.zsh'
